  D3DINIT.cpp
C:\Program Files (x86)\Microsoft DirectX SDK (June 2010)\Include\dxgitype.h(12,1): warning C4005: DXGI_STATUS_OCCLUDED: изменение макроопределения
C:\Program Files (x86)\Windows Kits\10\Include\10.0.18362.0\shared\winerror.h(55840): message : см. предыдущее определение "DXGI_STATUS_OCCLUDED"
C:\Program Files (x86)\Microsoft DirectX SDK (June 2010)\Include\dxgitype.h(13,1): warning C4005: DXGI_STATUS_CLIPPED: изменение макроопределения
C:\Program Files (x86)\Windows Kits\10\Include\10.0.18362.0\shared\winerror.h(55849): message : см. предыдущее определение "DXGI_STATUS_CLIPPED"
C:\Program Files (x86)\Microsoft DirectX SDK (June 2010)\Include\dxgitype.h(14,1): warning C4005: DXGI_STATUS_NO_REDIRECTION: изменение макроопределения
C:\Program Files (x86)\Windows Kits\10\Include\10.0.18362.0\shared\winerror.h(55858): message : см. предыдущее определение "DXGI_STATUS_NO_REDIRECTION"
C:\Program Files (x86)\Microsoft DirectX SDK (June 2010)\Include\dxgitype.h(15,1): warning C4005: DXGI_STATUS_NO_DESKTOP_ACCESS: изменение макроопределения
C:\Program Files (x86)\Windows Kits\10\Include\10.0.18362.0\shared\winerror.h(55867): message : см. предыдущее определение "DXGI_STATUS_NO_DESKTOP_ACCESS"
C:\Program Files (x86)\Microsoft DirectX SDK (June 2010)\Include\dxgitype.h(16,1): warning C4005: DXGI_STATUS_GRAPHICS_VIDPN_SOURCE_IN_USE: изменение макроопределения
C:\Program Files (x86)\Windows Kits\10\Include\10.0.18362.0\shared\winerror.h(55876): message : см. предыдущее определение "DXGI_STATUS_GRAPHICS_VIDPN_SOURCE_IN_USE"
C:\Program Files (x86)\Microsoft DirectX SDK (June 2010)\Include\dxgitype.h(17,1): warning C4005: DXGI_STATUS_MODE_CHANGED: изменение макроопределения
C:\Program Files (x86)\Windows Kits\10\Include\10.0.18362.0\shared\winerror.h(55885): message : см. предыдущее определение "DXGI_STATUS_MODE_CHANGED"
C:\Program Files (x86)\Microsoft DirectX SDK (June 2010)\Include\dxgitype.h(18,1): warning C4005: DXGI_STATUS_MODE_CHANGE_IN_PROGRESS: изменение макроопределения
C:\Program Files (x86)\Windows Kits\10\Include\10.0.18362.0\shared\winerror.h(55894): message : см. предыдущее определение "DXGI_STATUS_MODE_CHANGE_IN_PROGRESS"
C:\Program Files (x86)\Microsoft DirectX SDK (June 2010)\Include\dxgitype.h(21,1): warning C4005: DXGI_ERROR_INVALID_CALL: изменение макроопределения
C:\Program Files (x86)\Windows Kits\10\Include\10.0.18362.0\shared\winerror.h(55909): message : см. предыдущее определение "DXGI_ERROR_INVALID_CALL"
C:\Program Files (x86)\Microsoft DirectX SDK (June 2010)\Include\dxgitype.h(22,1): warning C4005: DXGI_ERROR_NOT_FOUND: изменение макроопределения
C:\Program Files (x86)\Windows Kits\10\Include\10.0.18362.0\shared\winerror.h(55918): message : см. предыдущее определение "DXGI_ERROR_NOT_FOUND"
C:\Program Files (x86)\Microsoft DirectX SDK (June 2010)\Include\dxgitype.h(23,1): warning C4005: DXGI_ERROR_MORE_DATA: изменение макроопределения
C:\Program Files (x86)\Windows Kits\10\Include\10.0.18362.0\shared\winerror.h(55927): message : см. предыдущее определение "DXGI_ERROR_MORE_DATA"
C:\Program Files (x86)\Microsoft DirectX SDK (June 2010)\Include\dxgitype.h(24,1): warning C4005: DXGI_ERROR_UNSUPPORTED: изменение макроопределения
C:\Program Files (x86)\Windows Kits\10\Include\10.0.18362.0\shared\winerror.h(55936): message : см. предыдущее определение "DXGI_ERROR_UNSUPPORTED"
C:\Program Files (x86)\Microsoft DirectX SDK (June 2010)\Include\dxgitype.h(25,1): warning C4005: DXGI_ERROR_DEVICE_REMOVED: изменение макроопределения
C:\Program Files (x86)\Windows Kits\10\Include\10.0.18362.0\shared\winerror.h(55945): message : см. предыдущее определение "DXGI_ERROR_DEVICE_REMOVED"
C:\Program Files (x86)\Microsoft DirectX SDK (June 2010)\Include\dxgitype.h(26,1): warning C4005: DXGI_ERROR_DEVICE_HUNG: изменение макроопределения
C:\Program Files (x86)\Windows Kits\10\Include\10.0.18362.0\shared\winerror.h(55954): message : см. предыдущее определение "DXGI_ERROR_DEVICE_HUNG"
C:\Program Files (x86)\Microsoft DirectX SDK (June 2010)\Include\dxgitype.h(27,1): warning C4005: DXGI_ERROR_DEVICE_RESET: изменение макроопределения
C:\Program Files (x86)\Windows Kits\10\Include\10.0.18362.0\shared\winerror.h(55964): message : см. предыдущее определение "DXGI_ERROR_DEVICE_RESET"
C:\Program Files (x86)\Microsoft DirectX SDK (June 2010)\Include\dxgitype.h(28,1): warning C4005: DXGI_ERROR_WAS_STILL_DRAWING: изменение макроопределения
C:\Program Files (x86)\Windows Kits\10\Include\10.0.18362.0\shared\winerror.h(55973): message : см. предыдущее определение "DXGI_ERROR_WAS_STILL_DRAWING"
C:\Program Files (x86)\Microsoft DirectX SDK (June 2010)\Include\dxgitype.h(29,1): warning C4005: DXGI_ERROR_FRAME_STATISTICS_DISJOINT: изменение макроопределения
C:\Program Files (x86)\Windows Kits\10\Include\10.0.18362.0\shared\winerror.h(55983): message : см. предыдущее определение "DXGI_ERROR_FRAME_STATISTICS_DISJOINT"
C:\Program Files (x86)\Microsoft DirectX SDK (June 2010)\Include\dxgitype.h(30,1): warning C4005: DXGI_ERROR_GRAPHICS_VIDPN_SOURCE_IN_USE: изменение макроопределения
C:\Program Files (x86)\Windows Kits\10\Include\10.0.18362.0\shared\winerror.h(55992): message : см. предыдущее определение "DXGI_ERROR_GRAPHICS_VIDPN_SOURCE_IN_USE"
C:\Program Files (x86)\Microsoft DirectX SDK (June 2010)\Include\dxgitype.h(31,1): warning C4005: DXGI_ERROR_DRIVER_INTERNAL_ERROR: изменение макроопределения
C:\Program Files (x86)\Windows Kits\10\Include\10.0.18362.0\shared\winerror.h(56002): message : см. предыдущее определение "DXGI_ERROR_DRIVER_INTERNAL_ERROR"
C:\Program Files (x86)\Microsoft DirectX SDK (June 2010)\Include\dxgitype.h(32,1): warning C4005: DXGI_ERROR_NONEXCLUSIVE: изменение макроопределения
C:\Program Files (x86)\Windows Kits\10\Include\10.0.18362.0\shared\winerror.h(56011): message : см. предыдущее определение "DXGI_ERROR_NONEXCLUSIVE"
C:\Program Files (x86)\Microsoft DirectX SDK (June 2010)\Include\dxgitype.h(33,1): warning C4005: DXGI_ERROR_NOT_CURRENTLY_AVAILABLE: изменение макроопределения
C:\Program Files (x86)\Windows Kits\10\Include\10.0.18362.0\shared\winerror.h(56020): message : см. предыдущее определение "DXGI_ERROR_NOT_CURRENTLY_AVAILABLE"
C:\Program Files (x86)\Microsoft DirectX SDK (June 2010)\Include\dxgitype.h(34,1): warning C4005: DXGI_ERROR_REMOTE_CLIENT_DISCONNECTED: изменение макроопределения
C:\Program Files (x86)\Windows Kits\10\Include\10.0.18362.0\shared\winerror.h(56030): message : см. предыдущее определение "DXGI_ERROR_REMOTE_CLIENT_DISCONNECTED"
C:\Program Files (x86)\Microsoft DirectX SDK (June 2010)\Include\dxgitype.h(35,1): warning C4005: DXGI_ERROR_REMOTE_OUTOFMEMORY: изменение макроопределения
C:\Program Files (x86)\Windows Kits\10\Include\10.0.18362.0\shared\winerror.h(56039): message : см. предыдущее определение "DXGI_ERROR_REMOTE_OUTOFMEMORY"
C:\Program Files (x86)\Microsoft DirectX SDK (June 2010)\Include\D3D11.h(917,1): warning C4005: D3D11_ERROR_TOO_MANY_UNIQUE_STATE_OBJECTS: изменение макроопределения
C:\Program Files (x86)\Windows Kits\10\Include\10.0.18362.0\shared\winerror.h(56303): message : см. предыдущее определение "D3D11_ERROR_TOO_MANY_UNIQUE_STATE_OBJECTS"
C:\Program Files (x86)\Microsoft DirectX SDK (June 2010)\Include\D3D11.h(918,1): warning C4005: D3D11_ERROR_FILE_NOT_FOUND: изменение макроопределения
C:\Program Files (x86)\Windows Kits\10\Include\10.0.18362.0\shared\winerror.h(56312): message : см. предыдущее определение "D3D11_ERROR_FILE_NOT_FOUND"
C:\Program Files (x86)\Microsoft DirectX SDK (June 2010)\Include\D3D11.h(919,1): warning C4005: D3D11_ERROR_TOO_MANY_UNIQUE_VIEW_OBJECTS: изменение макроопределения
C:\Program Files (x86)\Windows Kits\10\Include\10.0.18362.0\shared\winerror.h(56322): message : см. предыдущее определение "D3D11_ERROR_TOO_MANY_UNIQUE_VIEW_OBJECTS"
C:\Program Files (x86)\Microsoft DirectX SDK (June 2010)\Include\D3D11.h(920,1): warning C4005: D3D11_ERROR_DEFERRED_CONTEXT_MAP_WITHOUT_INITIAL_DISCARD: изменение макроопределения
C:\Program Files (x86)\Windows Kits\10\Include\10.0.18362.0\shared\winerror.h(56331): message : см. предыдущее определение "D3D11_ERROR_DEFERRED_CONTEXT_MAP_WITHOUT_INITIAL_DISCARD"
C:\Program Files (x86)\Microsoft DirectX SDK (June 2010)\Include\d3d10.h(608,1): warning C4005: D3D10_ERROR_TOO_MANY_UNIQUE_STATE_OBJECTS: изменение макроопределения
C:\Program Files (x86)\Windows Kits\10\Include\10.0.18362.0\shared\winerror.h(56279): message : см. предыдущее определение "D3D10_ERROR_TOO_MANY_UNIQUE_STATE_OBJECTS"
C:\Program Files (x86)\Microsoft DirectX SDK (June 2010)\Include\d3d10.h(609,1): warning C4005: D3D10_ERROR_FILE_NOT_FOUND: изменение макроопределения
C:\Program Files (x86)\Windows Kits\10\Include\10.0.18362.0\shared\winerror.h(56288): message : см. предыдущее определение "D3D10_ERROR_FILE_NOT_FOUND"
C:\Program Files (x86)\Microsoft DirectX SDK (June 2010)\Include\xnamath.h(2662,52): warning C4838: преобразование из "unsigned int" в "INT" требует сужающего преобразования
C:\Program Files (x86)\Microsoft DirectX SDK (June 2010)\Include\xnamath.h(2662,64): warning C4838: преобразование из "unsigned int" в "INT" требует сужающего преобразования
C:\Program Files (x86)\Microsoft DirectX SDK (June 2010)\Include\xnamath.h(2662,76): warning C4838: преобразование из "unsigned int" в "INT" требует сужающего преобразования
C:\Program Files (x86)\Microsoft DirectX SDK (June 2010)\Include\xnamath.h(2662,88): warning C4838: преобразование из "unsigned int" в "INT" требует сужающего преобразования
C:\Program Files (x86)\Microsoft DirectX SDK (June 2010)\Include\xnamath.h(2663,52): warning C4838: преобразование из "unsigned int" в "INT" требует сужающего преобразования
C:\Program Files (x86)\Microsoft DirectX SDK (June 2010)\Include\xnamath.h(2663,64): warning C4838: преобразование из "unsigned int" в "INT" требует сужающего преобразования
C:\Program Files (x86)\Microsoft DirectX SDK (June 2010)\Include\xnamath.h(2663,76): warning C4838: преобразование из "unsigned int" в "INT" требует сужающего преобразования
C:\Program Files (x86)\Microsoft DirectX SDK (June 2010)\Include\xnamath.h(2664,52): warning C4838: преобразование из "unsigned int" в "INT" требует сужающего преобразования
C:\Program Files (x86)\Microsoft DirectX SDK (June 2010)\Include\xnamath.h(2664,64): warning C4838: преобразование из "unsigned int" в "INT" требует сужающего преобразования
C:\Program Files (x86)\Microsoft DirectX SDK (June 2010)\Include\xnamath.h(2664,76): warning C4838: преобразование из "unsigned int" в "INT" требует сужающего преобразования
C:\Program Files (x86)\Microsoft DirectX SDK (June 2010)\Include\xnamath.h(2665,52): warning C4838: преобразование из "unsigned int" в "INT" требует сужающего преобразования
C:\Program Files (x86)\Microsoft DirectX SDK (June 2010)\Include\xnamath.h(2666,64): warning C4838: преобразование из "unsigned int" в "INT" требует сужающего преобразования
C:\Program Files (x86)\Microsoft DirectX SDK (June 2010)\Include\xnamath.h(2667,76): warning C4838: преобразование из "unsigned int" в "INT" требует сужающего преобразования
C:\Program Files (x86)\Microsoft DirectX SDK (June 2010)\Include\xnamath.h(2668,88): warning C4838: преобразование из "unsigned int" в "INT" требует сужающего преобразования
C:\Program Files (x86)\Microsoft DirectX SDK (June 2010)\Include\xnamath.h(2689,46): warning C4838: преобразование из "unsigned int" в "INT" требует сужающего преобразования
C:\Program Files (x86)\Microsoft DirectX SDK (June 2010)\Include\xnamath.h(2689,58): warning C4838: преобразование из "unsigned int" в "INT" требует сужающего преобразования
C:\Program Files (x86)\Microsoft DirectX SDK (June 2010)\Include\xnamath.h(2689,70): warning C4838: преобразование из "unsigned int" в "INT" требует сужающего преобразования
C:\Program Files (x86)\Microsoft DirectX SDK (June 2010)\Include\xnamath.h(2689,82): warning C4838: преобразование из "unsigned int" в "INT" требует сужающего преобразования
C:\Program Files (x86)\Microsoft DirectX SDK (June 2010)\Include\xnamath.h(2690,88): warning C4838: преобразование из "unsigned int" в "INT" требует сужающего преобразования
C:\Program Files (x86)\Microsoft DirectX SDK (June 2010)\Include\xnamath.h(2691,88): warning C4838: преобразование из "unsigned int" в "INT" требует сужающего преобразования
C:\Program Files (x86)\Microsoft DirectX SDK (June 2010)\Include\xnamath.h(2694,88): warning C4838: преобразование из "unsigned int" в "INT" требует сужающего преобразования
C:\Program Files (x86)\Microsoft DirectX SDK (June 2010)\Include\xnamath.h(2695,88): warning C4838: преобразование из "unsigned int" в "INT" требует сужающего преобразования
C:\Program Files (x86)\Microsoft DirectX SDK (June 2010)\Include\xnamath.h(2698,64): warning C4838: преобразование из "unsigned int" в "INT" требует сужающего преобразования
C:\Program Files (x86)\Microsoft DirectX SDK (June 2010)\Include\xnamath.h(2702,76): warning C4838: преобразование из "unsigned int" в "INT" требует сужающего преобразования
C:\Program Files (x86)\Microsoft DirectX SDK (June 2010)\Include\xnamath.h(2702,88): warning C4838: преобразование из "unsigned int" в "INT" требует сужающего преобразования
C:\Program Files (x86)\Microsoft DirectX SDK (June 2010)\Include\xnamath.h(2712,65): warning C4838: преобразование из "unsigned int" в "INT" требует сужающего преобразования
C:\Program Files (x86)\Microsoft DirectX SDK (June 2010)\Include\xnamath.h(2712,91): warning C4838: преобразование из "unsigned int" в "INT" требует сужающего преобразования
C:\Program Files (x86)\Microsoft DirectX SDK (June 2010)\Include\xnamath.h(2713,52): warning C4838: преобразование из "unsigned int" в "INT" требует сужающего преобразования
C:\Program Files (x86)\Microsoft DirectX SDK (June 2010)\Include\xnamath.h(2713,78): warning C4838: преобразование из "unsigned int" в "INT" требует сужающего преобразования
C:\Program Files (x86)\Microsoft DirectX SDK (June 2010)\Include\xnamath.h(2715,52): warning C4838: преобразование из "unsigned int" в "INT" требует сужающего преобразования
C:\Program Files (x86)\Microsoft DirectX SDK (June 2010)\Include\xnamath.h(2716,52): warning C4838: преобразование из "unsigned int" в "INT" требует сужающего преобразования
C:\Program Files (x86)\Microsoft DirectX SDK (June 2010)\Include\xnamath.h(2716,65): warning C4838: преобразование из "unsigned int" в "INT" требует сужающего преобразования
C:\Program Files (x86)\Microsoft DirectX SDK (June 2010)\Include\xnamath.h(2717,52): warning C4838: преобразование из "unsigned int" в "INT" требует сужающего преобразования
C:\Program Files (x86)\Microsoft DirectX SDK (June 2010)\Include\xnamath.h(2717,65): warning C4838: преобразование из "unsigned int" в "INT" требует сужающего преобразования
C:\Program Files (x86)\Microsoft DirectX SDK (June 2010)\Include\xnamath.h(2717,78): warning C4838: преобразование из "unsigned int" в "INT" требует сужающего преобразования
C:\Program Files (x86)\Microsoft DirectX SDK (June 2010)\Include\xnamath.h(2727,54): warning C4838: преобразование из "unsigned int" в "INT" требует сужающего преобразования
C:\Program Files (x86)\Microsoft DirectX SDK (June 2010)\Include\xnamath.h(2728,56): warning C4838: преобразование из "unsigned int" в "INT" требует сужающего преобразования
C:\Program Files (x86)\Microsoft DirectX SDK (June 2010)\Include\xnamath.h(2729,58): warning C4838: преобразование из "unsigned int" в "INT" требует сужающего преобразования
C:\Program Files (x86)\Microsoft DirectX SDK (June 2010)\Include\xnamath.h(2730,54): warning C4838: преобразование из "unsigned int" в "INT" требует сужающего преобразования
C:\Program Files (x86)\Microsoft DirectX SDK (June 2010)\Include\xnamath.h(2730,65): warning C4838: преобразование из "unsigned int" в "INT" требует сужающего преобразования
C:\Program Files (x86)\Microsoft DirectX SDK (June 2010)\Include\xnamath.h(2731,56): warning C4838: преобразование из "unsigned int" в "INT" требует сужающего преобразования
C:\Program Files (x86)\Microsoft DirectX SDK (June 2010)\Include\xnamath.h(2731,67): warning C4838: преобразование из "unsigned int" в "INT" требует сужающего преобразования
C:\Program Files (x86)\Microsoft DirectX SDK (June 2010)\Include\xnamath.h(2732,54): warning C4838: преобразование из "unsigned int" в "INT" требует сужающего преобразования
C:\Program Files (x86)\Microsoft DirectX SDK (June 2010)\Include\xnamath.h(2732,67): warning C4838: преобразование из "unsigned int" в "INT" требует сужающего преобразования
C:\Program Files (x86)\Microsoft DirectX SDK (June 2010)\Include\xnamath.h(2742,60): warning C4838: преобразование из "unsigned int" в "INT" требует сужающего преобразования
C:\Program Files (x86)\Microsoft DirectX SDK (June 2010)\Include\xnamath.h(2742,79): warning C4838: преобразование из "unsigned int" в "INT" требует сужающего преобразования
C:\Program Files (x86)\Microsoft DirectX SDK (June 2010)\Include\xnamath.h(2743,70): warning C4838: преобразование из "unsigned int" в "INT" требует сужающего преобразования
C:\Program Files (x86)\Microsoft DirectX SDK (June 2010)\Include\xnamath.h(2754,73): warning C4838: преобразование из "unsigned int" в "INT" требует сужающего преобразования
C:\Program Files (x86)\Microsoft DirectX SDK (June 2010)\Include\xnamathconvert.inl(2254,71): warning C4838: преобразование из "unsigned int" в "INT" требует сужающего преобразования
C:\Program Files (x86)\Microsoft DirectX SDK (June 2010)\Include\xnamathconvert.inl(4523,69): warning C4838: преобразование из "unsigned int" в "INT" требует сужающего преобразования
C:\Program Files (x86)\Microsoft DirectX SDK (June 2010)\Include\xnamathconvert.inl(4577,68): warning C4838: преобразование из "unsigned int" в "INT" требует сужающего преобразования
C:\Program Files (x86)\Microsoft DirectX SDK (June 2010)\Include\xnamathconvert.inl(4639,65): warning C4838: преобразование из "unsigned int" в "INT" требует сужающего преобразования
C:\Program Files (x86)\Microsoft DirectX SDK (June 2010)\Include\xnamathconvert.inl(4707,64): warning C4838: преобразование из "unsigned int" в "INT" требует сужающего преобразования
C:\Program Files (x86)\Microsoft DirectX SDK (June 2010)\Include\xnamathconvert.inl(4770,64): warning C4838: преобразование из "unsigned int" в "INT" требует сужающего преобразования
C:\Program Files (x86)\Microsoft DirectX SDK (June 2010)\Include\xnamathconvert.inl(4832,63): warning C4838: преобразование из "unsigned int" в "INT" требует сужающего преобразования
C:\Program Files (x86)\Microsoft DirectX SDK (June 2010)\Include\xnamathmisc.inl(518,43): warning C4838: преобразование из "unsigned int" в "INT" требует сужающего преобразования
C:\Program Files (x86)\Microsoft DirectX SDK (June 2010)\Include\xnamathmisc.inl(519,40): warning C4838: преобразование из "unsigned int" в "INT" требует сужающего преобразования
C:\Program Files (x86)\Microsoft DirectX SDK (June 2010)\Include\xnamathmisc.inl(519,51): warning C4838: преобразование из "unsigned int" в "INT" требует сужающего преобразования
D:\source\repos\Project2\Project2\D3DINIT.h(61,50): warning C4091: static : пропускается слева от "typelight", когда ни одна переменная не объявлена
D:\source\repos\Project2\Project2\D3DINIT.h(89,2): warning C4091: static : пропускается слева от "ConstantBufferLight", когда ни одна переменная не объявлена
D:\source\repos\Project2\Project2\D3DINIT.h(95,2): warning C4091: static : пропускается слева от "ConstantBufferPointLight", когда ни одна переменная не объявлена
D:\source\repos\Project2\Project2\D3DINIT.h(233,9): warning C4244: =: преобразование "int" в "float", возможна потеря данных
D:\source\repos\Project2\Project2\D3DINIT.cpp(86,24): warning C4244: =: преобразование "float" в "UINT", возможна потеря данных
D:\source\repos\Project2\Project2\D3DINIT.cpp(87,26): warning C4244: =: преобразование "float" в "UINT", возможна потеря данных
D:\source\repos\Project2\Project2\D3DINIT.cpp(440,48): warning C4244: =: преобразование "double" в "float", возможна потеря данных
D:\source\repos\Project2\Project2\D3DINIT.cpp(441,50): warning C4244: =: преобразование "double" в "float", возможна потеря данных
  main.cpp
D:\source\repos\Project2\Project2\D3DINIT.cpp(1037,28): warning C4101: depthMapTexture: неиспользованная локальная переменная
C:\Program Files (x86)\Microsoft DirectX SDK (June 2010)\Include\dxgitype.h(12,1): warning C4005: DXGI_STATUS_OCCLUDED: изменение макроопределения
C:\Program Files (x86)\Windows Kits\10\Include\10.0.18362.0\shared\winerror.h(55840): message : см. предыдущее определение "DXGI_STATUS_OCCLUDED"
C:\Program Files (x86)\Microsoft DirectX SDK (June 2010)\Include\dxgitype.h(13,1): warning C4005: DXGI_STATUS_CLIPPED: изменение макроопределения
C:\Program Files (x86)\Windows Kits\10\Include\10.0.18362.0\shared\winerror.h(55849): message : см. предыдущее определение "DXGI_STATUS_CLIPPED"
C:\Program Files (x86)\Microsoft DirectX SDK (June 2010)\Include\dxgitype.h(14,1): warning C4005: DXGI_STATUS_NO_REDIRECTION: изменение макроопределения
C:\Program Files (x86)\Windows Kits\10\Include\10.0.18362.0\shared\winerror.h(55858): message : см. предыдущее определение "DXGI_STATUS_NO_REDIRECTION"
C:\Program Files (x86)\Microsoft DirectX SDK (June 2010)\Include\dxgitype.h(15,1): warning C4005: DXGI_STATUS_NO_DESKTOP_ACCESS: изменение макроопределения
C:\Program Files (x86)\Windows Kits\10\Include\10.0.18362.0\shared\winerror.h(55867): message : см. предыдущее определение "DXGI_STATUS_NO_DESKTOP_ACCESS"
C:\Program Files (x86)\Microsoft DirectX SDK (June 2010)\Include\dxgitype.h(16,1): warning C4005: DXGI_STATUS_GRAPHICS_VIDPN_SOURCE_IN_USE: изменение макроопределения
C:\Program Files (x86)\Windows Kits\10\Include\10.0.18362.0\shared\winerror.h(55876): message : см. предыдущее определение "DXGI_STATUS_GRAPHICS_VIDPN_SOURCE_IN_USE"
C:\Program Files (x86)\Microsoft DirectX SDK (June 2010)\Include\dxgitype.h(17,1): warning C4005: DXGI_STATUS_MODE_CHANGED: изменение макроопределения
C:\Program Files (x86)\Windows Kits\10\Include\10.0.18362.0\shared\winerror.h(55885): message : см. предыдущее определение "DXGI_STATUS_MODE_CHANGED"
C:\Program Files (x86)\Microsoft DirectX SDK (June 2010)\Include\dxgitype.h(18,1): warning C4005: DXGI_STATUS_MODE_CHANGE_IN_PROGRESS: изменение макроопределения
C:\Program Files (x86)\Windows Kits\10\Include\10.0.18362.0\shared\winerror.h(55894): message : см. предыдущее определение "DXGI_STATUS_MODE_CHANGE_IN_PROGRESS"
C:\Program Files (x86)\Microsoft DirectX SDK (June 2010)\Include\dxgitype.h(21,1): warning C4005: DXGI_ERROR_INVALID_CALL: изменение макроопределения
C:\Program Files (x86)\Windows Kits\10\Include\10.0.18362.0\shared\winerror.h(55909): message : см. предыдущее определение "DXGI_ERROR_INVALID_CALL"
C:\Program Files (x86)\Microsoft DirectX SDK (June 2010)\Include\dxgitype.h(22,1): warning C4005: DXGI_ERROR_NOT_FOUND: изменение макроопределения
C:\Program Files (x86)\Windows Kits\10\Include\10.0.18362.0\shared\winerror.h(55918): message : см. предыдущее определение "DXGI_ERROR_NOT_FOUND"
C:\Program Files (x86)\Microsoft DirectX SDK (June 2010)\Include\dxgitype.h(23,1): warning C4005: DXGI_ERROR_MORE_DATA: изменение макроопределения
C:\Program Files (x86)\Windows Kits\10\Include\10.0.18362.0\shared\winerror.h(55927): message : см. предыдущее определение "DXGI_ERROR_MORE_DATA"
C:\Program Files (x86)\Microsoft DirectX SDK (June 2010)\Include\dxgitype.h(24,1): warning C4005: DXGI_ERROR_UNSUPPORTED: изменение макроопределения
C:\Program Files (x86)\Windows Kits\10\Include\10.0.18362.0\shared\winerror.h(55936): message : см. предыдущее определение "DXGI_ERROR_UNSUPPORTED"
C:\Program Files (x86)\Microsoft DirectX SDK (June 2010)\Include\dxgitype.h(25,1): warning C4005: DXGI_ERROR_DEVICE_REMOVED: изменение макроопределения
C:\Program Files (x86)\Windows Kits\10\Include\10.0.18362.0\shared\winerror.h(55945): message : см. предыдущее определение "DXGI_ERROR_DEVICE_REMOVED"
C:\Program Files (x86)\Microsoft DirectX SDK (June 2010)\Include\dxgitype.h(26,1): warning C4005: DXGI_ERROR_DEVICE_HUNG: изменение макроопределения
C:\Program Files (x86)\Windows Kits\10\Include\10.0.18362.0\shared\winerror.h(55954): message : см. предыдущее определение "DXGI_ERROR_DEVICE_HUNG"
C:\Program Files (x86)\Microsoft DirectX SDK (June 2010)\Include\dxgitype.h(27,1): warning C4005: DXGI_ERROR_DEVICE_RESET: изменение макроопределения
C:\Program Files (x86)\Windows Kits\10\Include\10.0.18362.0\shared\winerror.h(55964): message : см. предыдущее определение "DXGI_ERROR_DEVICE_RESET"
C:\Program Files (x86)\Microsoft DirectX SDK (June 2010)\Include\dxgitype.h(28,1): warning C4005: DXGI_ERROR_WAS_STILL_DRAWING: изменение макроопределения
C:\Program Files (x86)\Windows Kits\10\Include\10.0.18362.0\shared\winerror.h(55973): message : см. предыдущее определение "DXGI_ERROR_WAS_STILL_DRAWING"
C:\Program Files (x86)\Microsoft DirectX SDK (June 2010)\Include\dxgitype.h(29,1): warning C4005: DXGI_ERROR_FRAME_STATISTICS_DISJOINT: изменение макроопределения
C:\Program Files (x86)\Windows Kits\10\Include\10.0.18362.0\shared\winerror.h(55983): message : см. предыдущее определение "DXGI_ERROR_FRAME_STATISTICS_DISJOINT"
C:\Program Files (x86)\Microsoft DirectX SDK (June 2010)\Include\dxgitype.h(30,1): warning C4005: DXGI_ERROR_GRAPHICS_VIDPN_SOURCE_IN_USE: изменение макроопределения
C:\Program Files (x86)\Windows Kits\10\Include\10.0.18362.0\shared\winerror.h(55992): message : см. предыдущее определение "DXGI_ERROR_GRAPHICS_VIDPN_SOURCE_IN_USE"
C:\Program Files (x86)\Microsoft DirectX SDK (June 2010)\Include\dxgitype.h(31,1): warning C4005: DXGI_ERROR_DRIVER_INTERNAL_ERROR: изменение макроопределения
C:\Program Files (x86)\Windows Kits\10\Include\10.0.18362.0\shared\winerror.h(56002): message : см. предыдущее определение "DXGI_ERROR_DRIVER_INTERNAL_ERROR"
C:\Program Files (x86)\Microsoft DirectX SDK (June 2010)\Include\dxgitype.h(32,1): warning C4005: DXGI_ERROR_NONEXCLUSIVE: изменение макроопределения
C:\Program Files (x86)\Windows Kits\10\Include\10.0.18362.0\shared\winerror.h(56011): message : см. предыдущее определение "DXGI_ERROR_NONEXCLUSIVE"
C:\Program Files (x86)\Microsoft DirectX SDK (June 2010)\Include\dxgitype.h(33,1): warning C4005: DXGI_ERROR_NOT_CURRENTLY_AVAILABLE: изменение макроопределения
C:\Program Files (x86)\Windows Kits\10\Include\10.0.18362.0\shared\winerror.h(56020): message : см. предыдущее определение "DXGI_ERROR_NOT_CURRENTLY_AVAILABLE"
C:\Program Files (x86)\Microsoft DirectX SDK (June 2010)\Include\dxgitype.h(34,1): warning C4005: DXGI_ERROR_REMOTE_CLIENT_DISCONNECTED: изменение макроопределения
C:\Program Files (x86)\Windows Kits\10\Include\10.0.18362.0\shared\winerror.h(56030): message : см. предыдущее определение "DXGI_ERROR_REMOTE_CLIENT_DISCONNECTED"
C:\Program Files (x86)\Microsoft DirectX SDK (June 2010)\Include\dxgitype.h(35,1): warning C4005: DXGI_ERROR_REMOTE_OUTOFMEMORY: изменение макроопределения
C:\Program Files (x86)\Windows Kits\10\Include\10.0.18362.0\shared\winerror.h(56039): message : см. предыдущее определение "DXGI_ERROR_REMOTE_OUTOFMEMORY"
C:\Program Files (x86)\Microsoft DirectX SDK (June 2010)\Include\D3D11.h(917,1): warning C4005: D3D11_ERROR_TOO_MANY_UNIQUE_STATE_OBJECTS: изменение макроопределения
C:\Program Files (x86)\Windows Kits\10\Include\10.0.18362.0\shared\winerror.h(56303): message : см. предыдущее определение "D3D11_ERROR_TOO_MANY_UNIQUE_STATE_OBJECTS"
C:\Program Files (x86)\Microsoft DirectX SDK (June 2010)\Include\D3D11.h(918,1): warning C4005: D3D11_ERROR_FILE_NOT_FOUND: изменение макроопределения
C:\Program Files (x86)\Windows Kits\10\Include\10.0.18362.0\shared\winerror.h(56312): message : см. предыдущее определение "D3D11_ERROR_FILE_NOT_FOUND"
C:\Program Files (x86)\Microsoft DirectX SDK (June 2010)\Include\D3D11.h(919,1): warning C4005: D3D11_ERROR_TOO_MANY_UNIQUE_VIEW_OBJECTS: изменение макроопределения
C:\Program Files (x86)\Windows Kits\10\Include\10.0.18362.0\shared\winerror.h(56322): message : см. предыдущее определение "D3D11_ERROR_TOO_MANY_UNIQUE_VIEW_OBJECTS"
C:\Program Files (x86)\Microsoft DirectX SDK (June 2010)\Include\D3D11.h(920,1): warning C4005: D3D11_ERROR_DEFERRED_CONTEXT_MAP_WITHOUT_INITIAL_DISCARD: изменение макроопределения
C:\Program Files (x86)\Windows Kits\10\Include\10.0.18362.0\shared\winerror.h(56331): message : см. предыдущее определение "D3D11_ERROR_DEFERRED_CONTEXT_MAP_WITHOUT_INITIAL_DISCARD"
C:\Program Files (x86)\Microsoft DirectX SDK (June 2010)\Include\d3d10.h(608,1): warning C4005: D3D10_ERROR_TOO_MANY_UNIQUE_STATE_OBJECTS: изменение макроопределения
C:\Program Files (x86)\Windows Kits\10\Include\10.0.18362.0\shared\winerror.h(56279): message : см. предыдущее определение "D3D10_ERROR_TOO_MANY_UNIQUE_STATE_OBJECTS"
C:\Program Files (x86)\Microsoft DirectX SDK (June 2010)\Include\d3d10.h(609,1): warning C4005: D3D10_ERROR_FILE_NOT_FOUND: изменение макроопределения
C:\Program Files (x86)\Windows Kits\10\Include\10.0.18362.0\shared\winerror.h(56288): message : см. предыдущее определение "D3D10_ERROR_FILE_NOT_FOUND"
C:\Program Files (x86)\Microsoft DirectX SDK (June 2010)\Include\xnamath.h(2662,52): warning C4838: преобразование из "unsigned int" в "INT" требует сужающего преобразования
C:\Program Files (x86)\Microsoft DirectX SDK (June 2010)\Include\xnamath.h(2662,64): warning C4838: преобразование из "unsigned int" в "INT" требует сужающего преобразования
C:\Program Files (x86)\Microsoft DirectX SDK (June 2010)\Include\xnamath.h(2662,76): warning C4838: преобразование из "unsigned int" в "INT" требует сужающего преобразования
C:\Program Files (x86)\Microsoft DirectX SDK (June 2010)\Include\xnamath.h(2662,88): warning C4838: преобразование из "unsigned int" в "INT" требует сужающего преобразования
C:\Program Files (x86)\Microsoft DirectX SDK (June 2010)\Include\xnamath.h(2663,52): warning C4838: преобразование из "unsigned int" в "INT" требует сужающего преобразования
C:\Program Files (x86)\Microsoft DirectX SDK (June 2010)\Include\xnamath.h(2663,64): warning C4838: преобразование из "unsigned int" в "INT" требует сужающего преобразования
C:\Program Files (x86)\Microsoft DirectX SDK (June 2010)\Include\xnamath.h(2663,76): warning C4838: преобразование из "unsigned int" в "INT" требует сужающего преобразования
C:\Program Files (x86)\Microsoft DirectX SDK (June 2010)\Include\xnamath.h(2664,52): warning C4838: преобразование из "unsigned int" в "INT" требует сужающего преобразования
C:\Program Files (x86)\Microsoft DirectX SDK (June 2010)\Include\xnamath.h(2664,64): warning C4838: преобразование из "unsigned int" в "INT" требует сужающего преобразования
C:\Program Files (x86)\Microsoft DirectX SDK (June 2010)\Include\xnamath.h(2664,76): warning C4838: преобразование из "unsigned int" в "INT" требует сужающего преобразования
C:\Program Files (x86)\Microsoft DirectX SDK (June 2010)\Include\xnamath.h(2665,52): warning C4838: преобразование из "unsigned int" в "INT" требует сужающего преобразования
C:\Program Files (x86)\Microsoft DirectX SDK (June 2010)\Include\xnamath.h(2666,64): warning C4838: преобразование из "unsigned int" в "INT" требует сужающего преобразования
C:\Program Files (x86)\Microsoft DirectX SDK (June 2010)\Include\xnamath.h(2667,76): warning C4838: преобразование из "unsigned int" в "INT" требует сужающего преобразования
C:\Program Files (x86)\Microsoft DirectX SDK (June 2010)\Include\xnamath.h(2668,88): warning C4838: преобразование из "unsigned int" в "INT" требует сужающего преобразования
C:\Program Files (x86)\Microsoft DirectX SDK (June 2010)\Include\xnamath.h(2689,46): warning C4838: преобразование из "unsigned int" в "INT" требует сужающего преобразования
C:\Program Files (x86)\Microsoft DirectX SDK (June 2010)\Include\xnamath.h(2689,58): warning C4838: преобразование из "unsigned int" в "INT" требует сужающего преобразования
C:\Program Files (x86)\Microsoft DirectX SDK (June 2010)\Include\xnamath.h(2689,70): warning C4838: преобразование из "unsigned int" в "INT" требует сужающего преобразования
C:\Program Files (x86)\Microsoft DirectX SDK (June 2010)\Include\xnamath.h(2689,82): warning C4838: преобразование из "unsigned int" в "INT" требует сужающего преобразования
C:\Program Files (x86)\Microsoft DirectX SDK (June 2010)\Include\xnamath.h(2690,88): warning C4838: преобразование из "unsigned int" в "INT" требует сужающего преобразования
C:\Program Files (x86)\Microsoft DirectX SDK (June 2010)\Include\xnamath.h(2691,88): warning C4838: преобразование из "unsigned int" в "INT" требует сужающего преобразования
C:\Program Files (x86)\Microsoft DirectX SDK (June 2010)\Include\xnamath.h(2694,88): warning C4838: преобразование из "unsigned int" в "INT" требует сужающего преобразования
C:\Program Files (x86)\Microsoft DirectX SDK (June 2010)\Include\xnamath.h(2695,88): warning C4838: преобразование из "unsigned int" в "INT" требует сужающего преобразования
C:\Program Files (x86)\Microsoft DirectX SDK (June 2010)\Include\xnamath.h(2698,64): warning C4838: преобразование из "unsigned int" в "INT" требует сужающего преобразования
C:\Program Files (x86)\Microsoft DirectX SDK (June 2010)\Include\xnamath.h(2702,76): warning C4838: преобразование из "unsigned int" в "INT" требует сужающего преобразования
C:\Program Files (x86)\Microsoft DirectX SDK (June 2010)\Include\xnamath.h(2702,88): warning C4838: преобразование из "unsigned int" в "INT" требует сужающего преобразования
C:\Program Files (x86)\Microsoft DirectX SDK (June 2010)\Include\xnamath.h(2712,65): warning C4838: преобразование из "unsigned int" в "INT" требует сужающего преобразования
C:\Program Files (x86)\Microsoft DirectX SDK (June 2010)\Include\xnamath.h(2712,91): warning C4838: преобразование из "unsigned int" в "INT" требует сужающего преобразования
C:\Program Files (x86)\Microsoft DirectX SDK (June 2010)\Include\xnamath.h(2713,52): warning C4838: преобразование из "unsigned int" в "INT" требует сужающего преобразования
C:\Program Files (x86)\Microsoft DirectX SDK (June 2010)\Include\xnamath.h(2713,78): warning C4838: преобразование из "unsigned int" в "INT" требует сужающего преобразования
C:\Program Files (x86)\Microsoft DirectX SDK (June 2010)\Include\xnamath.h(2715,52): warning C4838: преобразование из "unsigned int" в "INT" требует сужающего преобразования
C:\Program Files (x86)\Microsoft DirectX SDK (June 2010)\Include\xnamath.h(2716,52): warning C4838: преобразование из "unsigned int" в "INT" требует сужающего преобразования
C:\Program Files (x86)\Microsoft DirectX SDK (June 2010)\Include\xnamath.h(2716,65): warning C4838: преобразование из "unsigned int" в "INT" требует сужающего преобразования
C:\Program Files (x86)\Microsoft DirectX SDK (June 2010)\Include\xnamath.h(2717,52): warning C4838: преобразование из "unsigned int" в "INT" требует сужающего преобразования
C:\Program Files (x86)\Microsoft DirectX SDK (June 2010)\Include\xnamath.h(2717,65): warning C4838: преобразование из "unsigned int" в "INT" требует сужающего преобразования
C:\Program Files (x86)\Microsoft DirectX SDK (June 2010)\Include\xnamath.h(2717,78): warning C4838: преобразование из "unsigned int" в "INT" требует сужающего преобразования
C:\Program Files (x86)\Microsoft DirectX SDK (June 2010)\Include\xnamath.h(2727,54): warning C4838: преобразование из "unsigned int" в "INT" требует сужающего преобразования
C:\Program Files (x86)\Microsoft DirectX SDK (June 2010)\Include\xnamath.h(2728,56): warning C4838: преобразование из "unsigned int" в "INT" требует сужающего преобразования
C:\Program Files (x86)\Microsoft DirectX SDK (June 2010)\Include\xnamath.h(2729,58): warning C4838: преобразование из "unsigned int" в "INT" требует сужающего преобразования
C:\Program Files (x86)\Microsoft DirectX SDK (June 2010)\Include\xnamath.h(2730,54): warning C4838: преобразование из "unsigned int" в "INT" требует сужающего преобразования
C:\Program Files (x86)\Microsoft DirectX SDK (June 2010)\Include\xnamath.h(2730,65): warning C4838: преобразование из "unsigned int" в "INT" требует сужающего преобразования
C:\Program Files (x86)\Microsoft DirectX SDK (June 2010)\Include\xnamath.h(2731,56): warning C4838: преобразование из "unsigned int" в "INT" требует сужающего преобразования
C:\Program Files (x86)\Microsoft DirectX SDK (June 2010)\Include\xnamath.h(2731,67): warning C4838: преобразование из "unsigned int" в "INT" требует сужающего преобразования
C:\Program Files (x86)\Microsoft DirectX SDK (June 2010)\Include\xnamath.h(2732,54): warning C4838: преобразование из "unsigned int" в "INT" требует сужающего преобразования
C:\Program Files (x86)\Microsoft DirectX SDK (June 2010)\Include\xnamath.h(2732,67): warning C4838: преобразование из "unsigned int" в "INT" требует сужающего преобразования
C:\Program Files (x86)\Microsoft DirectX SDK (June 2010)\Include\xnamath.h(2742,60): warning C4838: преобразование из "unsigned int" в "INT" требует сужающего преобразования
C:\Program Files (x86)\Microsoft DirectX SDK (June 2010)\Include\xnamath.h(2742,79): warning C4838: преобразование из "unsigned int" в "INT" требует сужающего преобразования
C:\Program Files (x86)\Microsoft DirectX SDK (June 2010)\Include\xnamath.h(2743,70): warning C4838: преобразование из "unsigned int" в "INT" требует сужающего преобразования
C:\Program Files (x86)\Microsoft DirectX SDK (June 2010)\Include\xnamath.h(2754,73): warning C4838: преобразование из "unsigned int" в "INT" требует сужающего преобразования
C:\Program Files (x86)\Microsoft DirectX SDK (June 2010)\Include\xnamathconvert.inl(2254,71): warning C4838: преобразование из "unsigned int" в "INT" требует сужающего преобразования
C:\Program Files (x86)\Microsoft DirectX SDK (June 2010)\Include\xnamathconvert.inl(4523,69): warning C4838: преобразование из "unsigned int" в "INT" требует сужающего преобразования
C:\Program Files (x86)\Microsoft DirectX SDK (June 2010)\Include\xnamathconvert.inl(4577,68): warning C4838: преобразование из "unsigned int" в "INT" требует сужающего преобразования
C:\Program Files (x86)\Microsoft DirectX SDK (June 2010)\Include\xnamathconvert.inl(4639,65): warning C4838: преобразование из "unsigned int" в "INT" требует сужающего преобразования
C:\Program Files (x86)\Microsoft DirectX SDK (June 2010)\Include\xnamathconvert.inl(4707,64): warning C4838: преобразование из "unsigned int" в "INT" требует сужающего преобразования
C:\Program Files (x86)\Microsoft DirectX SDK (June 2010)\Include\xnamathconvert.inl(4770,64): warning C4838: преобразование из "unsigned int" в "INT" требует сужающего преобразования
C:\Program Files (x86)\Microsoft DirectX SDK (June 2010)\Include\xnamathconvert.inl(4832,63): warning C4838: преобразование из "unsigned int" в "INT" требует сужающего преобразования
C:\Program Files (x86)\Microsoft DirectX SDK (June 2010)\Include\xnamathmisc.inl(518,43): warning C4838: преобразование из "unsigned int" в "INT" требует сужающего преобразования
C:\Program Files (x86)\Microsoft DirectX SDK (June 2010)\Include\xnamathmisc.inl(519,40): warning C4838: преобразование из "unsigned int" в "INT" требует сужающего преобразования
C:\Program Files (x86)\Microsoft DirectX SDK (June 2010)\Include\xnamathmisc.inl(519,51): warning C4838: преобразование из "unsigned int" в "INT" требует сужающего преобразования
D:\source\repos\Project2\Project2\D3DINIT.h(61,50): warning C4091: static : пропускается слева от "typelight", когда ни одна переменная не объявлена
D:\source\repos\Project2\Project2\D3DINIT.h(89,2): warning C4091: static : пропускается слева от "ConstantBufferLight", когда ни одна переменная не объявлена
D:\source\repos\Project2\Project2\D3DINIT.h(95,2): warning C4091: static : пропускается слева от "ConstantBufferPointLight", когда ни одна переменная не объявлена
D:\source\repos\Project2\Project2\D3DINIT.h(233,9): warning C4244: =: преобразование "int" в "float", возможна потеря данных
D:\source\repos\Project2\Project2\Tetris.h(79,25): warning C4244: аргумент: преобразование "int" в "float", возможна потеря данных
D:\source\repos\Project2\Project2\Tetris.h(79,18): warning C4244: аргумент: преобразование "int" в "float", возможна потеря данных
D:\source\repos\Project2\Project2\Tetris.h(89,25): warning C4244: аргумент: преобразование "int" в "float", возможна потеря данных
D:\source\repos\Project2\Project2\Tetris.h(89,18): warning C4244: аргумент: преобразование "int" в "float", возможна потеря данных
D:\source\repos\Project2\Project2\Tetris.h(101,25): warning C4244: аргумент: преобразование "int" в "float", возможна потеря данных
D:\source\repos\Project2\Project2\Tetris.h(101,18): warning C4244: аргумент: преобразование "int" в "float", возможна потеря данных
D:\source\repos\Project2\Project2\Tetris.h(199,60): warning C4244: аргумент: преобразование "int" в "float", возможна потеря данных
D:\source\repos\Project2\Project2\Tetris.h(199,57): warning C4244: аргумент: преобразование "int" в "float", возможна потеря данных
D:\source\repos\Project2\Project2\Tetris.h(199,54): warning C4244: аргумент: преобразование "int" в "float", возможна потеря данных
D:\source\repos\Project2\Project2\Tetris.h(199,51): warning C4244: аргумент: преобразование "int" в "float", возможна потеря данных
D:\source\repos\Project2\Project2\Tetris.h(211,54): warning C4244: аргумент: преобразование "float" в "int", возможна потеря данных
D:\source\repos\Project2\Project2\Tetris.h(211,46): warning C4244: аргумент: преобразование "float" в "int", возможна потеря данных
D:\source\repos\Project2\Project2\Tetris.h(211,42): warning C4244: аргумент: преобразование "int" в "float", возможна потеря данных
D:\source\repos\Project2\Project2\Tetris.h(211,37): warning C4244: аргумент: преобразование "int" в "float", возможна потеря данных
D:\source\repos\Project2\Project2\Tetris.h(240,54): warning C4244: аргумент: преобразование "float" в "int", возможна потеря данных
D:\source\repos\Project2\Project2\Tetris.h(240,46): warning C4244: аргумент: преобразование "float" в "int", возможна потеря данных
D:\source\repos\Project2\Project2\Tetris.h(240,42): warning C4244: аргумент: преобразование "int" в "float", возможна потеря данных
D:\source\repos\Project2\Project2\Tetris.h(240,37): warning C4244: аргумент: преобразование "int" в "float", возможна потеря данных
D:\source\repos\Project2\Project2\Tetris.h(268,54): warning C4244: аргумент: преобразование "float" в "int", возможна потеря данных
D:\source\repos\Project2\Project2\Tetris.h(268,46): warning C4244: аргумент: преобразование "float" в "int", возможна потеря данных
D:\source\repos\Project2\Project2\Tetris.h(268,42): warning C4244: аргумент: преобразование "int" в "float", возможна потеря данных
D:\source\repos\Project2\Project2\Tetris.h(268,37): warning C4244: аргумент: преобразование "int" в "float", возможна потеря данных
D:\source\repos\Project2\Project2\Tetris.h(299,59): warning C4244: аргумент: преобразование "int" в "float", возможна потеря данных
D:\source\repos\Project2\Project2\Tetris.h(299,56): warning C4244: аргумент: преобразование "int" в "float", возможна потеря данных
D:\source\repos\Project2\Project2\Tetris.h(299,53): warning C4244: аргумент: преобразование "int" в "float", возможна потеря данных
D:\source\repos\Project2\Project2\Tetris.h(299,50): warning C4244: аргумент: преобразование "int" в "float", возможна потеря данных
D:\source\repos\Project2\Project2\Tetris.h(312,54): warning C4244: аргумент: преобразование "float" в "int", возможна потеря данных
D:\source\repos\Project2\Project2\Tetris.h(312,46): warning C4244: аргумент: преобразование "float" в "int", возможна потеря данных
D:\source\repos\Project2\Project2\Tetris.h(312,42): warning C4244: аргумент: преобразование "int" в "float", возможна потеря данных
D:\source\repos\Project2\Project2\Tetris.h(312,37): warning C4244: аргумент: преобразование "int" в "float", возможна потеря данных
D:\source\repos\Project2\Project2\Tetris.h(341,54): warning C4244: аргумент: преобразование "float" в "int", возможна потеря данных
D:\source\repos\Project2\Project2\Tetris.h(341,46): warning C4244: аргумент: преобразование "float" в "int", возможна потеря данных
D:\source\repos\Project2\Project2\Tetris.h(341,42): warning C4244: аргумент: преобразование "int" в "float", возможна потеря данных
D:\source\repos\Project2\Project2\Tetris.h(341,37): warning C4244: аргумент: преобразование "int" в "float", возможна потеря данных
D:\source\repos\Project2\Project2\Tetris.h(369,54): warning C4244: аргумент: преобразование "float" в "int", возможна потеря данных
D:\source\repos\Project2\Project2\Tetris.h(369,46): warning C4244: аргумент: преобразование "float" в "int", возможна потеря данных
D:\source\repos\Project2\Project2\Tetris.h(369,42): warning C4244: аргумент: преобразование "int" в "float", возможна потеря данных
D:\source\repos\Project2\Project2\Tetris.h(369,37): warning C4244: аргумент: преобразование "int" в "float", возможна потеря данных
D:\source\repos\Project2\Project2\Tetris.h(395,17): warning C4244: =: преобразование "float" в "int", возможна потеря данных
D:\source\repos\Project2\Project2\Tetris.h(396,17): warning C4244: =: преобразование "float" в "int", возможна потеря данных
D:\source\repos\Project2\Project2\Tetris.h(398,56): warning C4244: =: преобразование "float" в "int", возможна потеря данных
D:\source\repos\Project2\Project2\Tetris.h(399,57): warning C4244: =: преобразование "float" в "int", возможна потеря данных
D:\source\repos\Project2\Project2\Tetris.h(430,77): warning C4244: аргумент: преобразование "float" в "int", возможна потеря данных
D:\source\repos\Project2\Project2\Tetris.h(430,69): warning C4244: аргумент: преобразование "float" в "int", возможна потеря данных
D:\source\repos\Project2\Project2\Tetris.h(430,65): warning C4244: аргумент: преобразование "int" в "float", возможна потеря данных
D:\source\repos\Project2\Project2\Tetris.h(430,47): warning C4244: аргумент: преобразование "int" в "float", возможна потеря данных
D:\source\repos\Project2\Project2\Tetris.h(458,56): warning C4244: аргумент: преобразование "int" в "float", возможна потеря данных
D:\source\repos\Project2\Project2\Tetris.h(458,53): warning C4244: аргумент: преобразование "int" в "float", возможна потеря данных
D:\source\repos\Project2\Project2\Tetris.h(458,50): warning C4244: аргумент: преобразование "int" в "float", возможна потеря данных
D:\source\repos\Project2\Project2\Tetris.h(458,47): warning C4244: аргумент: преобразование "int" в "float", возможна потеря данных
D:\source\repos\Project2\Project2\Tetris.h(472,54): warning C4244: аргумент: преобразование "float" в "int", возможна потеря данных
D:\source\repos\Project2\Project2\Tetris.h(472,46): warning C4244: аргумент: преобразование "float" в "int", возможна потеря данных
D:\source\repos\Project2\Project2\Tetris.h(472,42): warning C4244: аргумент: преобразование "int" в "float", возможна потеря данных
D:\source\repos\Project2\Project2\Tetris.h(472,37): warning C4244: аргумент: преобразование "int" в "float", возможна потеря данных
D:\source\repos\Project2\Project2\Tetris.h(501,54): warning C4244: аргумент: преобразование "float" в "int", возможна потеря данных
D:\source\repos\Project2\Project2\Tetris.h(501,46): warning C4244: аргумент: преобразование "float" в "int", возможна потеря данных
D:\source\repos\Project2\Project2\Tetris.h(501,42): warning C4244: аргумент: преобразование "int" в "float", возможна потеря данных
D:\source\repos\Project2\Project2\Tetris.h(501,37): warning C4244: аргумент: преобразование "int" в "float", возможна потеря данных
D:\source\repos\Project2\Project2\Tetris.h(529,54): warning C4244: аргумент: преобразование "float" в "int", возможна потеря данных
D:\source\repos\Project2\Project2\Tetris.h(529,46): warning C4244: аргумент: преобразование "float" в "int", возможна потеря данных
D:\source\repos\Project2\Project2\Tetris.h(529,42): warning C4244: аргумент: преобразование "int" в "float", возможна потеря данных
D:\source\repos\Project2\Project2\Tetris.h(529,37): warning C4244: аргумент: преобразование "int" в "float", возможна потеря данных
D:\source\repos\Project2\Project2\Tetris.h(555,17): warning C4244: =: преобразование "float" в "int", возможна потеря данных
D:\source\repos\Project2\Project2\Tetris.h(556,17): warning C4244: =: преобразование "float" в "int", возможна потеря данных
D:\source\repos\Project2\Project2\Tetris.h(558,59): warning C4244: =: преобразование "float" в "int", возможна потеря данных
D:\source\repos\Project2\Project2\Tetris.h(559,60): warning C4244: =: преобразование "float" в "int", возможна потеря данных
D:\source\repos\Project2\Project2\Tetris.h(590,77): warning C4244: аргумент: преобразование "float" в "int", возможна потеря данных
D:\source\repos\Project2\Project2\Tetris.h(590,69): warning C4244: аргумент: преобразование "float" в "int", возможна потеря данных
D:\source\repos\Project2\Project2\Tetris.h(590,65): warning C4244: аргумент: преобразование "int" в "float", возможна потеря данных
D:\source\repos\Project2\Project2\Tetris.h(590,47): warning C4244: аргумент: преобразование "int" в "float", возможна потеря данных
D:\source\repos\Project2\Project2\Tetris.h(618,56): warning C4244: аргумент: преобразование "int" в "float", возможна потеря данных
D:\source\repos\Project2\Project2\Tetris.h(618,53): warning C4244: аргумент: преобразование "int" в "float", возможна потеря данных
D:\source\repos\Project2\Project2\Tetris.h(618,50): warning C4244: аргумент: преобразование "int" в "float", возможна потеря данных
D:\source\repos\Project2\Project2\Tetris.h(618,47): warning C4244: аргумент: преобразование "int" в "float", возможна потеря данных
D:\source\repos\Project2\Project2\Tetris.h(632,54): warning C4244: аргумент: преобразование "float" в "int", возможна потеря данных
D:\source\repos\Project2\Project2\Tetris.h(632,46): warning C4244: аргумент: преобразование "float" в "int", возможна потеря данных
D:\source\repos\Project2\Project2\Tetris.h(632,42): warning C4244: аргумент: преобразование "int" в "float", возможна потеря данных
D:\source\repos\Project2\Project2\Tetris.h(632,37): warning C4244: аргумент: преобразование "int" в "float", возможна потеря данных
D:\source\repos\Project2\Project2\Tetris.h(661,54): warning C4244: аргумент: преобразование "float" в "int", возможна потеря данных
D:\source\repos\Project2\Project2\Tetris.h(661,46): warning C4244: аргумент: преобразование "float" в "int", возможна потеря данных
D:\source\repos\Project2\Project2\Tetris.h(661,42): warning C4244: аргумент: преобразование "int" в "float", возможна потеря данных
D:\source\repos\Project2\Project2\Tetris.h(661,37): warning C4244: аргумент: преобразование "int" в "float", возможна потеря данных
D:\source\repos\Project2\Project2\Tetris.h(689,54): warning C4244: аргумент: преобразование "float" в "int", возможна потеря данных
D:\source\repos\Project2\Project2\Tetris.h(689,46): warning C4244: аргумент: преобразование "float" в "int", возможна потеря данных
D:\source\repos\Project2\Project2\Tetris.h(689,42): warning C4244: аргумент: преобразование "int" в "float", возможна потеря данных
D:\source\repos\Project2\Project2\Tetris.h(689,37): warning C4244: аргумент: преобразование "int" в "float", возможна потеря данных
D:\source\repos\Project2\Project2\Tetris.h(715,17): warning C4244: =: преобразование "float" в "int", возможна потеря данных
D:\source\repos\Project2\Project2\Tetris.h(716,17): warning C4244: =: преобразование "float" в "int", возможна потеря данных
D:\source\repos\Project2\Project2\Tetris.h(718,59): warning C4244: =: преобразование "float" в "int", возможна потеря данных
D:\source\repos\Project2\Project2\Tetris.h(719,60): warning C4244: =: преобразование "float" в "int", возможна потеря данных
D:\source\repos\Project2\Project2\Tetris.h(750,77): warning C4244: аргумент: преобразование "float" в "int", возможна потеря данных
D:\source\repos\Project2\Project2\Tetris.h(750,69): warning C4244: аргумент: преобразование "float" в "int", возможна потеря данных
D:\source\repos\Project2\Project2\Tetris.h(750,65): warning C4244: аргумент: преобразование "int" в "float", возможна потеря данных
D:\source\repos\Project2\Project2\Tetris.h(750,47): warning C4244: аргумент: преобразование "int" в "float", возможна потеря данных
D:\source\repos\Project2\Project2\Tetris.h(786,14): warning C4244: инициализация: преобразование "float" в "int", возможна потеря данных
D:\source\repos\Project2\Project2\Tetris.h(788,48): warning C4244: аргумент: преобразование "float" в "int", возможна потеря данных
D:\source\repos\Project2\Project2\Tetris.h(788,40): warning C4244: аргумент: преобразование "float" в "int", возможна потеря данных
D:\source\repos\Project2\Project2\Tetris.h(788,37): warning C4244: аргумент: преобразование "int" в "float", возможна потеря данных
D:\source\repos\Project2\Project2\Tetris.h(788,34): warning C4244: аргумент: преобразование "int" в "float", возможна потеря данных
D:\source\repos\Project2\Project2\Tetris.h(801,14): warning C4244: инициализация: преобразование "float" в "int", возможна потеря данных
D:\source\repos\Project2\Project2\Tetris.h(804,48): warning C4244: аргумент: преобразование "float" в "int", возможна потеря данных
D:\source\repos\Project2\Project2\Tetris.h(804,40): warning C4244: аргумент: преобразование "float" в "int", возможна потеря данных
D:\source\repos\Project2\Project2\Tetris.h(804,37): warning C4244: аргумент: преобразование "int" в "float", возможна потеря данных
D:\source\repos\Project2\Project2\Tetris.h(804,34): warning C4244: аргумент: преобразование "int" в "float", возможна потеря данных
D:\source\repos\Project2\Project2\Tetris.h(811,49): warning C4244: аргумент: преобразование "float" в "int", возможна потеря данных
D:\source\repos\Project2\Project2\Tetris.h(811,41): warning C4244: аргумент: преобразование "float" в "int", возможна потеря данных
D:\source\repos\Project2\Project2\Tetris.h(811,38): warning C4244: аргумент: преобразование "int" в "float", возможна потеря данных
D:\source\repos\Project2\Project2\Tetris.h(811,35): warning C4244: аргумент: преобразование "int" в "float", возможна потеря данных
D:\source\repos\Project2\Project2\Tetris.h(814,24): warning C4244: аргумент: преобразование "int" в "float", возможна потеря данных
D:\source\repos\Project2\Project2\Tetris.h(823,14): warning C4244: инициализация: преобразование "float" в "int", возможна потеря данных
D:\source\repos\Project2\Project2\Tetris.h(826,48): warning C4244: аргумент: преобразование "float" в "int", возможна потеря данных
D:\source\repos\Project2\Project2\Tetris.h(826,40): warning C4244: аргумент: преобразование "float" в "int", возможна потеря данных
D:\source\repos\Project2\Project2\Tetris.h(826,37): warning C4244: аргумент: преобразование "int" в "float", возможна потеря данных
D:\source\repos\Project2\Project2\Tetris.h(826,34): warning C4244: аргумент: преобразование "int" в "float", возможна потеря данных
D:\source\repos\Project2\Project2\Tetris.h(829,42): warning C4244: аргумент: преобразование "float" в "int", возможна потеря данных
D:\source\repos\Project2\Project2\Tetris.h(829,34): warning C4244: аргумент: преобразование "float" в "int", возможна потеря данных
D:\source\repos\Project2\Project2\Tetris.h(829,31): warning C4244: аргумент: преобразование "int" в "float", возможна потеря данных
  Tetris.cpp
D:\source\repos\Project2\Project2\Tetris.h(829,28): warning C4244: аргумент: преобразование "int" в "float", возможна потеря данных
C:\Program Files (x86)\Microsoft DirectX SDK (June 2010)\Include\dxgitype.h(12,1): warning C4005: DXGI_STATUS_OCCLUDED: изменение макроопределения
C:\Program Files (x86)\Windows Kits\10\Include\10.0.18362.0\shared\winerror.h(55840): message : см. предыдущее определение "DXGI_STATUS_OCCLUDED"
C:\Program Files (x86)\Microsoft DirectX SDK (June 2010)\Include\dxgitype.h(13,1): warning C4005: DXGI_STATUS_CLIPPED: изменение макроопределения
C:\Program Files (x86)\Windows Kits\10\Include\10.0.18362.0\shared\winerror.h(55849): message : см. предыдущее определение "DXGI_STATUS_CLIPPED"
C:\Program Files (x86)\Microsoft DirectX SDK (June 2010)\Include\dxgitype.h(14,1): warning C4005: DXGI_STATUS_NO_REDIRECTION: изменение макроопределения
C:\Program Files (x86)\Windows Kits\10\Include\10.0.18362.0\shared\winerror.h(55858): message : см. предыдущее определение "DXGI_STATUS_NO_REDIRECTION"
C:\Program Files (x86)\Microsoft DirectX SDK (June 2010)\Include\dxgitype.h(15,1): warning C4005: DXGI_STATUS_NO_DESKTOP_ACCESS: изменение макроопределения
C:\Program Files (x86)\Windows Kits\10\Include\10.0.18362.0\shared\winerror.h(55867): message : см. предыдущее определение "DXGI_STATUS_NO_DESKTOP_ACCESS"
C:\Program Files (x86)\Microsoft DirectX SDK (June 2010)\Include\dxgitype.h(16,1): warning C4005: DXGI_STATUS_GRAPHICS_VIDPN_SOURCE_IN_USE: изменение макроопределения
C:\Program Files (x86)\Windows Kits\10\Include\10.0.18362.0\shared\winerror.h(55876): message : см. предыдущее определение "DXGI_STATUS_GRAPHICS_VIDPN_SOURCE_IN_USE"
C:\Program Files (x86)\Microsoft DirectX SDK (June 2010)\Include\dxgitype.h(17,1): warning C4005: DXGI_STATUS_MODE_CHANGED: изменение макроопределения
C:\Program Files (x86)\Windows Kits\10\Include\10.0.18362.0\shared\winerror.h(55885): message : см. предыдущее определение "DXGI_STATUS_MODE_CHANGED"
C:\Program Files (x86)\Microsoft DirectX SDK (June 2010)\Include\dxgitype.h(18,1): warning C4005: DXGI_STATUS_MODE_CHANGE_IN_PROGRESS: изменение макроопределения
C:\Program Files (x86)\Windows Kits\10\Include\10.0.18362.0\shared\winerror.h(55894): message : см. предыдущее определение "DXGI_STATUS_MODE_CHANGE_IN_PROGRESS"
C:\Program Files (x86)\Microsoft DirectX SDK (June 2010)\Include\dxgitype.h(21,1): warning C4005: DXGI_ERROR_INVALID_CALL: изменение макроопределения
C:\Program Files (x86)\Windows Kits\10\Include\10.0.18362.0\shared\winerror.h(55909): message : см. предыдущее определение "DXGI_ERROR_INVALID_CALL"
C:\Program Files (x86)\Microsoft DirectX SDK (June 2010)\Include\dxgitype.h(22,1): warning C4005: DXGI_ERROR_NOT_FOUND: изменение макроопределения
C:\Program Files (x86)\Windows Kits\10\Include\10.0.18362.0\shared\winerror.h(55918): message : см. предыдущее определение "DXGI_ERROR_NOT_FOUND"
C:\Program Files (x86)\Microsoft DirectX SDK (June 2010)\Include\dxgitype.h(23,1): warning C4005: DXGI_ERROR_MORE_DATA: изменение макроопределения
C:\Program Files (x86)\Windows Kits\10\Include\10.0.18362.0\shared\winerror.h(55927): message : см. предыдущее определение "DXGI_ERROR_MORE_DATA"
C:\Program Files (x86)\Microsoft DirectX SDK (June 2010)\Include\dxgitype.h(24,1): warning C4005: DXGI_ERROR_UNSUPPORTED: изменение макроопределения
C:\Program Files (x86)\Windows Kits\10\Include\10.0.18362.0\shared\winerror.h(55936): message : см. предыдущее определение "DXGI_ERROR_UNSUPPORTED"
C:\Program Files (x86)\Microsoft DirectX SDK (June 2010)\Include\dxgitype.h(25,1): warning C4005: DXGI_ERROR_DEVICE_REMOVED: изменение макроопределения
C:\Program Files (x86)\Windows Kits\10\Include\10.0.18362.0\shared\winerror.h(55945): message : см. предыдущее определение "DXGI_ERROR_DEVICE_REMOVED"
C:\Program Files (x86)\Microsoft DirectX SDK (June 2010)\Include\dxgitype.h(26,1): warning C4005: DXGI_ERROR_DEVICE_HUNG: изменение макроопределения
C:\Program Files (x86)\Windows Kits\10\Include\10.0.18362.0\shared\winerror.h(55954): message : см. предыдущее определение "DXGI_ERROR_DEVICE_HUNG"
C:\Program Files (x86)\Microsoft DirectX SDK (June 2010)\Include\dxgitype.h(27,1): warning C4005: DXGI_ERROR_DEVICE_RESET: изменение макроопределения
C:\Program Files (x86)\Windows Kits\10\Include\10.0.18362.0\shared\winerror.h(55964): message : см. предыдущее определение "DXGI_ERROR_DEVICE_RESET"
C:\Program Files (x86)\Microsoft DirectX SDK (June 2010)\Include\dxgitype.h(28,1): warning C4005: DXGI_ERROR_WAS_STILL_DRAWING: изменение макроопределения
C:\Program Files (x86)\Windows Kits\10\Include\10.0.18362.0\shared\winerror.h(55973): message : см. предыдущее определение "DXGI_ERROR_WAS_STILL_DRAWING"
C:\Program Files (x86)\Microsoft DirectX SDK (June 2010)\Include\dxgitype.h(29,1): warning C4005: DXGI_ERROR_FRAME_STATISTICS_DISJOINT: изменение макроопределения
C:\Program Files (x86)\Windows Kits\10\Include\10.0.18362.0\shared\winerror.h(55983): message : см. предыдущее определение "DXGI_ERROR_FRAME_STATISTICS_DISJOINT"
C:\Program Files (x86)\Microsoft DirectX SDK (June 2010)\Include\dxgitype.h(30,1): warning C4005: DXGI_ERROR_GRAPHICS_VIDPN_SOURCE_IN_USE: изменение макроопределения
C:\Program Files (x86)\Windows Kits\10\Include\10.0.18362.0\shared\winerror.h(55992): message : см. предыдущее определение "DXGI_ERROR_GRAPHICS_VIDPN_SOURCE_IN_USE"
C:\Program Files (x86)\Microsoft DirectX SDK (June 2010)\Include\dxgitype.h(31,1): warning C4005: DXGI_ERROR_DRIVER_INTERNAL_ERROR: изменение макроопределения
C:\Program Files (x86)\Windows Kits\10\Include\10.0.18362.0\shared\winerror.h(56002): message : см. предыдущее определение "DXGI_ERROR_DRIVER_INTERNAL_ERROR"
C:\Program Files (x86)\Microsoft DirectX SDK (June 2010)\Include\dxgitype.h(32,1): warning C4005: DXGI_ERROR_NONEXCLUSIVE: изменение макроопределения
C:\Program Files (x86)\Windows Kits\10\Include\10.0.18362.0\shared\winerror.h(56011): message : см. предыдущее определение "DXGI_ERROR_NONEXCLUSIVE"
C:\Program Files (x86)\Microsoft DirectX SDK (June 2010)\Include\dxgitype.h(33,1): warning C4005: DXGI_ERROR_NOT_CURRENTLY_AVAILABLE: изменение макроопределения
C:\Program Files (x86)\Windows Kits\10\Include\10.0.18362.0\shared\winerror.h(56020): message : см. предыдущее определение "DXGI_ERROR_NOT_CURRENTLY_AVAILABLE"
C:\Program Files (x86)\Microsoft DirectX SDK (June 2010)\Include\dxgitype.h(34,1): warning C4005: DXGI_ERROR_REMOTE_CLIENT_DISCONNECTED: изменение макроопределения
C:\Program Files (x86)\Windows Kits\10\Include\10.0.18362.0\shared\winerror.h(56030): message : см. предыдущее определение "DXGI_ERROR_REMOTE_CLIENT_DISCONNECTED"
C:\Program Files (x86)\Microsoft DirectX SDK (June 2010)\Include\dxgitype.h(35,1): warning C4005: DXGI_ERROR_REMOTE_OUTOFMEMORY: изменение макроопределения
C:\Program Files (x86)\Windows Kits\10\Include\10.0.18362.0\shared\winerror.h(56039): message : см. предыдущее определение "DXGI_ERROR_REMOTE_OUTOFMEMORY"
C:\Program Files (x86)\Microsoft DirectX SDK (June 2010)\Include\D3D11.h(917,1): warning C4005: D3D11_ERROR_TOO_MANY_UNIQUE_STATE_OBJECTS: изменение макроопределения
C:\Program Files (x86)\Windows Kits\10\Include\10.0.18362.0\shared\winerror.h(56303): message : см. предыдущее определение "D3D11_ERROR_TOO_MANY_UNIQUE_STATE_OBJECTS"
C:\Program Files (x86)\Microsoft DirectX SDK (June 2010)\Include\D3D11.h(918,1): warning C4005: D3D11_ERROR_FILE_NOT_FOUND: изменение макроопределения
C:\Program Files (x86)\Windows Kits\10\Include\10.0.18362.0\shared\winerror.h(56312): message : см. предыдущее определение "D3D11_ERROR_FILE_NOT_FOUND"
C:\Program Files (x86)\Microsoft DirectX SDK (June 2010)\Include\D3D11.h(919,1): warning C4005: D3D11_ERROR_TOO_MANY_UNIQUE_VIEW_OBJECTS: изменение макроопределения
C:\Program Files (x86)\Windows Kits\10\Include\10.0.18362.0\shared\winerror.h(56322): message : см. предыдущее определение "D3D11_ERROR_TOO_MANY_UNIQUE_VIEW_OBJECTS"
C:\Program Files (x86)\Microsoft DirectX SDK (June 2010)\Include\D3D11.h(920,1): warning C4005: D3D11_ERROR_DEFERRED_CONTEXT_MAP_WITHOUT_INITIAL_DISCARD: изменение макроопределения
C:\Program Files (x86)\Windows Kits\10\Include\10.0.18362.0\shared\winerror.h(56331): message : см. предыдущее определение "D3D11_ERROR_DEFERRED_CONTEXT_MAP_WITHOUT_INITIAL_DISCARD"
C:\Program Files (x86)\Microsoft DirectX SDK (June 2010)\Include\d3d10.h(608,1): warning C4005: D3D10_ERROR_TOO_MANY_UNIQUE_STATE_OBJECTS: изменение макроопределения
C:\Program Files (x86)\Windows Kits\10\Include\10.0.18362.0\shared\winerror.h(56279): message : см. предыдущее определение "D3D10_ERROR_TOO_MANY_UNIQUE_STATE_OBJECTS"
C:\Program Files (x86)\Microsoft DirectX SDK (June 2010)\Include\d3d10.h(609,1): warning C4005: D3D10_ERROR_FILE_NOT_FOUND: изменение макроопределения
C:\Program Files (x86)\Windows Kits\10\Include\10.0.18362.0\shared\winerror.h(56288): message : см. предыдущее определение "D3D10_ERROR_FILE_NOT_FOUND"
C:\Program Files (x86)\Microsoft DirectX SDK (June 2010)\Include\xnamath.h(2662,52): warning C4838: преобразование из "unsigned int" в "INT" требует сужающего преобразования
C:\Program Files (x86)\Microsoft DirectX SDK (June 2010)\Include\xnamath.h(2662,64): warning C4838: преобразование из "unsigned int" в "INT" требует сужающего преобразования
C:\Program Files (x86)\Microsoft DirectX SDK (June 2010)\Include\xnamath.h(2662,76): warning C4838: преобразование из "unsigned int" в "INT" требует сужающего преобразования
C:\Program Files (x86)\Microsoft DirectX SDK (June 2010)\Include\xnamath.h(2662,88): warning C4838: преобразование из "unsigned int" в "INT" требует сужающего преобразования
C:\Program Files (x86)\Microsoft DirectX SDK (June 2010)\Include\xnamath.h(2663,52): warning C4838: преобразование из "unsigned int" в "INT" требует сужающего преобразования
C:\Program Files (x86)\Microsoft DirectX SDK (June 2010)\Include\xnamath.h(2663,64): warning C4838: преобразование из "unsigned int" в "INT" требует сужающего преобразования
C:\Program Files (x86)\Microsoft DirectX SDK (June 2010)\Include\xnamath.h(2663,76): warning C4838: преобразование из "unsigned int" в "INT" требует сужающего преобразования
C:\Program Files (x86)\Microsoft DirectX SDK (June 2010)\Include\xnamath.h(2664,52): warning C4838: преобразование из "unsigned int" в "INT" требует сужающего преобразования
C:\Program Files (x86)\Microsoft DirectX SDK (June 2010)\Include\xnamath.h(2664,64): warning C4838: преобразование из "unsigned int" в "INT" требует сужающего преобразования
C:\Program Files (x86)\Microsoft DirectX SDK (June 2010)\Include\xnamath.h(2664,76): warning C4838: преобразование из "unsigned int" в "INT" требует сужающего преобразования
C:\Program Files (x86)\Microsoft DirectX SDK (June 2010)\Include\xnamath.h(2665,52): warning C4838: преобразование из "unsigned int" в "INT" требует сужающего преобразования
C:\Program Files (x86)\Microsoft DirectX SDK (June 2010)\Include\xnamath.h(2666,64): warning C4838: преобразование из "unsigned int" в "INT" требует сужающего преобразования
C:\Program Files (x86)\Microsoft DirectX SDK (June 2010)\Include\xnamath.h(2667,76): warning C4838: преобразование из "unsigned int" в "INT" требует сужающего преобразования
C:\Program Files (x86)\Microsoft DirectX SDK (June 2010)\Include\xnamath.h(2668,88): warning C4838: преобразование из "unsigned int" в "INT" требует сужающего преобразования
C:\Program Files (x86)\Microsoft DirectX SDK (June 2010)\Include\xnamath.h(2689,46): warning C4838: преобразование из "unsigned int" в "INT" требует сужающего преобразования
C:\Program Files (x86)\Microsoft DirectX SDK (June 2010)\Include\xnamath.h(2689,58): warning C4838: преобразование из "unsigned int" в "INT" требует сужающего преобразования
C:\Program Files (x86)\Microsoft DirectX SDK (June 2010)\Include\xnamath.h(2689,70): warning C4838: преобразование из "unsigned int" в "INT" требует сужающего преобразования
C:\Program Files (x86)\Microsoft DirectX SDK (June 2010)\Include\xnamath.h(2689,82): warning C4838: преобразование из "unsigned int" в "INT" требует сужающего преобразования
C:\Program Files (x86)\Microsoft DirectX SDK (June 2010)\Include\xnamath.h(2690,88): warning C4838: преобразование из "unsigned int" в "INT" требует сужающего преобразования
C:\Program Files (x86)\Microsoft DirectX SDK (June 2010)\Include\xnamath.h(2691,88): warning C4838: преобразование из "unsigned int" в "INT" требует сужающего преобразования
C:\Program Files (x86)\Microsoft DirectX SDK (June 2010)\Include\xnamath.h(2694,88): warning C4838: преобразование из "unsigned int" в "INT" требует сужающего преобразования
C:\Program Files (x86)\Microsoft DirectX SDK (June 2010)\Include\xnamath.h(2695,88): warning C4838: преобразование из "unsigned int" в "INT" требует сужающего преобразования
C:\Program Files (x86)\Microsoft DirectX SDK (June 2010)\Include\xnamath.h(2698,64): warning C4838: преобразование из "unsigned int" в "INT" требует сужающего преобразования
C:\Program Files (x86)\Microsoft DirectX SDK (June 2010)\Include\xnamath.h(2702,76): warning C4838: преобразование из "unsigned int" в "INT" требует сужающего преобразования
C:\Program Files (x86)\Microsoft DirectX SDK (June 2010)\Include\xnamath.h(2702,88): warning C4838: преобразование из "unsigned int" в "INT" требует сужающего преобразования
C:\Program Files (x86)\Microsoft DirectX SDK (June 2010)\Include\xnamath.h(2712,65): warning C4838: преобразование из "unsigned int" в "INT" требует сужающего преобразования
C:\Program Files (x86)\Microsoft DirectX SDK (June 2010)\Include\xnamath.h(2712,91): warning C4838: преобразование из "unsigned int" в "INT" требует сужающего преобразования
C:\Program Files (x86)\Microsoft DirectX SDK (June 2010)\Include\xnamath.h(2713,52): warning C4838: преобразование из "unsigned int" в "INT" требует сужающего преобразования
C:\Program Files (x86)\Microsoft DirectX SDK (June 2010)\Include\xnamath.h(2713,78): warning C4838: преобразование из "unsigned int" в "INT" требует сужающего преобразования
C:\Program Files (x86)\Microsoft DirectX SDK (June 2010)\Include\xnamath.h(2715,52): warning C4838: преобразование из "unsigned int" в "INT" требует сужающего преобразования
C:\Program Files (x86)\Microsoft DirectX SDK (June 2010)\Include\xnamath.h(2716,52): warning C4838: преобразование из "unsigned int" в "INT" требует сужающего преобразования
C:\Program Files (x86)\Microsoft DirectX SDK (June 2010)\Include\xnamath.h(2716,65): warning C4838: преобразование из "unsigned int" в "INT" требует сужающего преобразования
C:\Program Files (x86)\Microsoft DirectX SDK (June 2010)\Include\xnamath.h(2717,52): warning C4838: преобразование из "unsigned int" в "INT" требует сужающего преобразования
C:\Program Files (x86)\Microsoft DirectX SDK (June 2010)\Include\xnamath.h(2717,65): warning C4838: преобразование из "unsigned int" в "INT" требует сужающего преобразования
C:\Program Files (x86)\Microsoft DirectX SDK (June 2010)\Include\xnamath.h(2717,78): warning C4838: преобразование из "unsigned int" в "INT" требует сужающего преобразования
C:\Program Files (x86)\Microsoft DirectX SDK (June 2010)\Include\xnamath.h(2727,54): warning C4838: преобразование из "unsigned int" в "INT" требует сужающего преобразования
C:\Program Files (x86)\Microsoft DirectX SDK (June 2010)\Include\xnamath.h(2728,56): warning C4838: преобразование из "unsigned int" в "INT" требует сужающего преобразования
C:\Program Files (x86)\Microsoft DirectX SDK (June 2010)\Include\xnamath.h(2729,58): warning C4838: преобразование из "unsigned int" в "INT" требует сужающего преобразования
C:\Program Files (x86)\Microsoft DirectX SDK (June 2010)\Include\xnamath.h(2730,54): warning C4838: преобразование из "unsigned int" в "INT" требует сужающего преобразования
C:\Program Files (x86)\Microsoft DirectX SDK (June 2010)\Include\xnamath.h(2730,65): warning C4838: преобразование из "unsigned int" в "INT" требует сужающего преобразования
C:\Program Files (x86)\Microsoft DirectX SDK (June 2010)\Include\xnamath.h(2731,56): warning C4838: преобразование из "unsigned int" в "INT" требует сужающего преобразования
C:\Program Files (x86)\Microsoft DirectX SDK (June 2010)\Include\xnamath.h(2731,67): warning C4838: преобразование из "unsigned int" в "INT" требует сужающего преобразования
C:\Program Files (x86)\Microsoft DirectX SDK (June 2010)\Include\xnamath.h(2732,54): warning C4838: преобразование из "unsigned int" в "INT" требует сужающего преобразования
C:\Program Files (x86)\Microsoft DirectX SDK (June 2010)\Include\xnamath.h(2732,67): warning C4838: преобразование из "unsigned int" в "INT" требует сужающего преобразования
C:\Program Files (x86)\Microsoft DirectX SDK (June 2010)\Include\xnamath.h(2742,60): warning C4838: преобразование из "unsigned int" в "INT" требует сужающего преобразования
C:\Program Files (x86)\Microsoft DirectX SDK (June 2010)\Include\xnamath.h(2742,79): warning C4838: преобразование из "unsigned int" в "INT" требует сужающего преобразования
C:\Program Files (x86)\Microsoft DirectX SDK (June 2010)\Include\xnamath.h(2743,70): warning C4838: преобразование из "unsigned int" в "INT" требует сужающего преобразования
C:\Program Files (x86)\Microsoft DirectX SDK (June 2010)\Include\xnamath.h(2754,73): warning C4838: преобразование из "unsigned int" в "INT" требует сужающего преобразования
C:\Program Files (x86)\Microsoft DirectX SDK (June 2010)\Include\xnamathconvert.inl(2254,71): warning C4838: преобразование из "unsigned int" в "INT" требует сужающего преобразования
C:\Program Files (x86)\Microsoft DirectX SDK (June 2010)\Include\xnamathconvert.inl(4523,69): warning C4838: преобразование из "unsigned int" в "INT" требует сужающего преобразования
C:\Program Files (x86)\Microsoft DirectX SDK (June 2010)\Include\xnamathconvert.inl(4577,68): warning C4838: преобразование из "unsigned int" в "INT" требует сужающего преобразования
C:\Program Files (x86)\Microsoft DirectX SDK (June 2010)\Include\xnamathconvert.inl(4639,65): warning C4838: преобразование из "unsigned int" в "INT" требует сужающего преобразования
C:\Program Files (x86)\Microsoft DirectX SDK (June 2010)\Include\xnamathconvert.inl(4707,64): warning C4838: преобразование из "unsigned int" в "INT" требует сужающего преобразования
C:\Program Files (x86)\Microsoft DirectX SDK (June 2010)\Include\xnamathconvert.inl(4770,64): warning C4838: преобразование из "unsigned int" в "INT" требует сужающего преобразования
C:\Program Files (x86)\Microsoft DirectX SDK (June 2010)\Include\xnamathconvert.inl(4832,63): warning C4838: преобразование из "unsigned int" в "INT" требует сужающего преобразования
C:\Program Files (x86)\Microsoft DirectX SDK (June 2010)\Include\xnamathmisc.inl(518,43): warning C4838: преобразование из "unsigned int" в "INT" требует сужающего преобразования
C:\Program Files (x86)\Microsoft DirectX SDK (June 2010)\Include\xnamathmisc.inl(519,40): warning C4838: преобразование из "unsigned int" в "INT" требует сужающего преобразования
C:\Program Files (x86)\Microsoft DirectX SDK (June 2010)\Include\xnamathmisc.inl(519,51): warning C4838: преобразование из "unsigned int" в "INT" требует сужающего преобразования
D:\source\repos\Project2\Project2\D3DINIT.h(61,50): warning C4091: static : пропускается слева от "typelight", когда ни одна переменная не объявлена
D:\source\repos\Project2\Project2\D3DINIT.h(89,2): warning C4091: static : пропускается слева от "ConstantBufferLight", когда ни одна переменная не объявлена
D:\source\repos\Project2\Project2\D3DINIT.h(95,2): warning C4091: static : пропускается слева от "ConstantBufferPointLight", когда ни одна переменная не объявлена
D:\source\repos\Project2\Project2\D3DINIT.h(233,9): warning C4244: =: преобразование "int" в "float", возможна потеря данных
D:\source\repos\Project2\Project2\Tetris.h(79,25): warning C4244: аргумент: преобразование "int" в "float", возможна потеря данных
D:\source\repos\Project2\Project2\Tetris.h(79,18): warning C4244: аргумент: преобразование "int" в "float", возможна потеря данных
D:\source\repos\Project2\Project2\Tetris.h(89,25): warning C4244: аргумент: преобразование "int" в "float", возможна потеря данных
D:\source\repos\Project2\Project2\Tetris.h(89,18): warning C4244: аргумент: преобразование "int" в "float", возможна потеря данных
D:\source\repos\Project2\Project2\Tetris.h(101,25): warning C4244: аргумент: преобразование "int" в "float", возможна потеря данных
D:\source\repos\Project2\Project2\Tetris.h(101,18): warning C4244: аргумент: преобразование "int" в "float", возможна потеря данных
D:\source\repos\Project2\Project2\Tetris.h(199,60): warning C4244: аргумент: преобразование "int" в "float", возможна потеря данных
D:\source\repos\Project2\Project2\Tetris.h(199,57): warning C4244: аргумент: преобразование "int" в "float", возможна потеря данных
D:\source\repos\Project2\Project2\Tetris.h(199,54): warning C4244: аргумент: преобразование "int" в "float", возможна потеря данных
D:\source\repos\Project2\Project2\Tetris.h(199,51): warning C4244: аргумент: преобразование "int" в "float", возможна потеря данных
D:\source\repos\Project2\Project2\Tetris.h(211,54): warning C4244: аргумент: преобразование "float" в "int", возможна потеря данных
D:\source\repos\Project2\Project2\Tetris.h(211,46): warning C4244: аргумент: преобразование "float" в "int", возможна потеря данных
D:\source\repos\Project2\Project2\Tetris.h(211,42): warning C4244: аргумент: преобразование "int" в "float", возможна потеря данных
D:\source\repos\Project2\Project2\Tetris.h(211,37): warning C4244: аргумент: преобразование "int" в "float", возможна потеря данных
D:\source\repos\Project2\Project2\Tetris.h(240,54): warning C4244: аргумент: преобразование "float" в "int", возможна потеря данных
D:\source\repos\Project2\Project2\Tetris.h(240,46): warning C4244: аргумент: преобразование "float" в "int", возможна потеря данных
D:\source\repos\Project2\Project2\Tetris.h(240,42): warning C4244: аргумент: преобразование "int" в "float", возможна потеря данных
D:\source\repos\Project2\Project2\Tetris.h(240,37): warning C4244: аргумент: преобразование "int" в "float", возможна потеря данных
D:\source\repos\Project2\Project2\Tetris.h(268,54): warning C4244: аргумент: преобразование "float" в "int", возможна потеря данных
D:\source\repos\Project2\Project2\Tetris.h(268,46): warning C4244: аргумент: преобразование "float" в "int", возможна потеря данных
D:\source\repos\Project2\Project2\Tetris.h(268,42): warning C4244: аргумент: преобразование "int" в "float", возможна потеря данных
D:\source\repos\Project2\Project2\Tetris.h(268,37): warning C4244: аргумент: преобразование "int" в "float", возможна потеря данных
D:\source\repos\Project2\Project2\Tetris.h(299,59): warning C4244: аргумент: преобразование "int" в "float", возможна потеря данных
D:\source\repos\Project2\Project2\Tetris.h(299,56): warning C4244: аргумент: преобразование "int" в "float", возможна потеря данных
D:\source\repos\Project2\Project2\Tetris.h(299,53): warning C4244: аргумент: преобразование "int" в "float", возможна потеря данных
D:\source\repos\Project2\Project2\Tetris.h(299,50): warning C4244: аргумент: преобразование "int" в "float", возможна потеря данных
D:\source\repos\Project2\Project2\Tetris.h(312,54): warning C4244: аргумент: преобразование "float" в "int", возможна потеря данных
D:\source\repos\Project2\Project2\Tetris.h(312,46): warning C4244: аргумент: преобразование "float" в "int", возможна потеря данных
D:\source\repos\Project2\Project2\Tetris.h(312,42): warning C4244: аргумент: преобразование "int" в "float", возможна потеря данных
D:\source\repos\Project2\Project2\Tetris.h(312,37): warning C4244: аргумент: преобразование "int" в "float", возможна потеря данных
D:\source\repos\Project2\Project2\Tetris.h(341,54): warning C4244: аргумент: преобразование "float" в "int", возможна потеря данных
D:\source\repos\Project2\Project2\Tetris.h(341,46): warning C4244: аргумент: преобразование "float" в "int", возможна потеря данных
D:\source\repos\Project2\Project2\Tetris.h(341,42): warning C4244: аргумент: преобразование "int" в "float", возможна потеря данных
D:\source\repos\Project2\Project2\Tetris.h(341,37): warning C4244: аргумент: преобразование "int" в "float", возможна потеря данных
D:\source\repos\Project2\Project2\Tetris.h(369,54): warning C4244: аргумент: преобразование "float" в "int", возможна потеря данных
D:\source\repos\Project2\Project2\Tetris.h(369,46): warning C4244: аргумент: преобразование "float" в "int", возможна потеря данных
D:\source\repos\Project2\Project2\Tetris.h(369,42): warning C4244: аргумент: преобразование "int" в "float", возможна потеря данных
D:\source\repos\Project2\Project2\Tetris.h(369,37): warning C4244: аргумент: преобразование "int" в "float", возможна потеря данных
D:\source\repos\Project2\Project2\Tetris.h(395,17): warning C4244: =: преобразование "float" в "int", возможна потеря данных
D:\source\repos\Project2\Project2\Tetris.h(396,17): warning C4244: =: преобразование "float" в "int", возможна потеря данных
D:\source\repos\Project2\Project2\Tetris.h(398,56): warning C4244: =: преобразование "float" в "int", возможна потеря данных
D:\source\repos\Project2\Project2\Tetris.h(399,57): warning C4244: =: преобразование "float" в "int", возможна потеря данных
D:\source\repos\Project2\Project2\Tetris.h(430,77): warning C4244: аргумент: преобразование "float" в "int", возможна потеря данных
D:\source\repos\Project2\Project2\Tetris.h(430,69): warning C4244: аргумент: преобразование "float" в "int", возможна потеря данных
D:\source\repos\Project2\Project2\Tetris.h(430,65): warning C4244: аргумент: преобразование "int" в "float", возможна потеря данных
D:\source\repos\Project2\Project2\Tetris.h(430,47): warning C4244: аргумент: преобразование "int" в "float", возможна потеря данных
D:\source\repos\Project2\Project2\Tetris.h(458,56): warning C4244: аргумент: преобразование "int" в "float", возможна потеря данных
D:\source\repos\Project2\Project2\Tetris.h(458,53): warning C4244: аргумент: преобразование "int" в "float", возможна потеря данных
D:\source\repos\Project2\Project2\Tetris.h(458,50): warning C4244: аргумент: преобразование "int" в "float", возможна потеря данных
D:\source\repos\Project2\Project2\Tetris.h(458,47): warning C4244: аргумент: преобразование "int" в "float", возможна потеря данных
D:\source\repos\Project2\Project2\Tetris.h(472,54): warning C4244: аргумент: преобразование "float" в "int", возможна потеря данных
D:\source\repos\Project2\Project2\Tetris.h(472,46): warning C4244: аргумент: преобразование "float" в "int", возможна потеря данных
D:\source\repos\Project2\Project2\Tetris.h(472,42): warning C4244: аргумент: преобразование "int" в "float", возможна потеря данных
D:\source\repos\Project2\Project2\Tetris.h(472,37): warning C4244: аргумент: преобразование "int" в "float", возможна потеря данных
D:\source\repos\Project2\Project2\Tetris.h(501,54): warning C4244: аргумент: преобразование "float" в "int", возможна потеря данных
D:\source\repos\Project2\Project2\Tetris.h(501,46): warning C4244: аргумент: преобразование "float" в "int", возможна потеря данных
D:\source\repos\Project2\Project2\Tetris.h(501,42): warning C4244: аргумент: преобразование "int" в "float", возможна потеря данных
D:\source\repos\Project2\Project2\Tetris.h(501,37): warning C4244: аргумент: преобразование "int" в "float", возможна потеря данных
D:\source\repos\Project2\Project2\Tetris.h(529,54): warning C4244: аргумент: преобразование "float" в "int", возможна потеря данных
D:\source\repos\Project2\Project2\Tetris.h(529,46): warning C4244: аргумент: преобразование "float" в "int", возможна потеря данных
D:\source\repos\Project2\Project2\Tetris.h(529,42): warning C4244: аргумент: преобразование "int" в "float", возможна потеря данных
D:\source\repos\Project2\Project2\Tetris.h(529,37): warning C4244: аргумент: преобразование "int" в "float", возможна потеря данных
D:\source\repos\Project2\Project2\Tetris.h(555,17): warning C4244: =: преобразование "float" в "int", возможна потеря данных
D:\source\repos\Project2\Project2\Tetris.h(556,17): warning C4244: =: преобразование "float" в "int", возможна потеря данных
D:\source\repos\Project2\Project2\Tetris.h(558,59): warning C4244: =: преобразование "float" в "int", возможна потеря данных
D:\source\repos\Project2\Project2\Tetris.h(559,60): warning C4244: =: преобразование "float" в "int", возможна потеря данных
D:\source\repos\Project2\Project2\Tetris.h(590,77): warning C4244: аргумент: преобразование "float" в "int", возможна потеря данных
D:\source\repos\Project2\Project2\Tetris.h(590,69): warning C4244: аргумент: преобразование "float" в "int", возможна потеря данных
D:\source\repos\Project2\Project2\Tetris.h(590,65): warning C4244: аргумент: преобразование "int" в "float", возможна потеря данных
D:\source\repos\Project2\Project2\Tetris.h(590,47): warning C4244: аргумент: преобразование "int" в "float", возможна потеря данных
D:\source\repos\Project2\Project2\Tetris.h(618,56): warning C4244: аргумент: преобразование "int" в "float", возможна потеря данных
D:\source\repos\Project2\Project2\Tetris.h(618,53): warning C4244: аргумент: преобразование "int" в "float", возможна потеря данных
D:\source\repos\Project2\Project2\Tetris.h(618,50): warning C4244: аргумент: преобразование "int" в "float", возможна потеря данных
D:\source\repos\Project2\Project2\Tetris.h(618,47): warning C4244: аргумент: преобразование "int" в "float", возможна потеря данных
D:\source\repos\Project2\Project2\Tetris.h(632,54): warning C4244: аргумент: преобразование "float" в "int", возможна потеря данных
D:\source\repos\Project2\Project2\Tetris.h(632,46): warning C4244: аргумент: преобразование "float" в "int", возможна потеря данных
D:\source\repos\Project2\Project2\Tetris.h(632,42): warning C4244: аргумент: преобразование "int" в "float", возможна потеря данных
D:\source\repos\Project2\Project2\Tetris.h(632,37): warning C4244: аргумент: преобразование "int" в "float", возможна потеря данных
D:\source\repos\Project2\Project2\Tetris.h(661,54): warning C4244: аргумент: преобразование "float" в "int", возможна потеря данных
D:\source\repos\Project2\Project2\Tetris.h(661,46): warning C4244: аргумент: преобразование "float" в "int", возможна потеря данных
D:\source\repos\Project2\Project2\Tetris.h(661,42): warning C4244: аргумент: преобразование "int" в "float", возможна потеря данных
D:\source\repos\Project2\Project2\Tetris.h(661,37): warning C4244: аргумент: преобразование "int" в "float", возможна потеря данных
D:\source\repos\Project2\Project2\Tetris.h(689,54): warning C4244: аргумент: преобразование "float" в "int", возможна потеря данных
D:\source\repos\Project2\Project2\Tetris.h(689,46): warning C4244: аргумент: преобразование "float" в "int", возможна потеря данных
D:\source\repos\Project2\Project2\Tetris.h(689,42): warning C4244: аргумент: преобразование "int" в "float", возможна потеря данных
D:\source\repos\Project2\Project2\Tetris.h(689,37): warning C4244: аргумент: преобразование "int" в "float", возможна потеря данных
D:\source\repos\Project2\Project2\Tetris.h(715,17): warning C4244: =: преобразование "float" в "int", возможна потеря данных
D:\source\repos\Project2\Project2\Tetris.h(716,17): warning C4244: =: преобразование "float" в "int", возможна потеря данных
D:\source\repos\Project2\Project2\Tetris.h(718,59): warning C4244: =: преобразование "float" в "int", возможна потеря данных
D:\source\repos\Project2\Project2\Tetris.h(719,60): warning C4244: =: преобразование "float" в "int", возможна потеря данных
D:\source\repos\Project2\Project2\Tetris.h(750,77): warning C4244: аргумент: преобразование "float" в "int", возможна потеря данных
D:\source\repos\Project2\Project2\Tetris.h(750,69): warning C4244: аргумент: преобразование "float" в "int", возможна потеря данных
D:\source\repos\Project2\Project2\Tetris.h(750,65): warning C4244: аргумент: преобразование "int" в "float", возможна потеря данных
D:\source\repos\Project2\Project2\Tetris.h(750,47): warning C4244: аргумент: преобразование "int" в "float", возможна потеря данных
D:\source\repos\Project2\Project2\Tetris.h(786,14): warning C4244: инициализация: преобразование "float" в "int", возможна потеря данных
D:\source\repos\Project2\Project2\Tetris.h(788,48): warning C4244: аргумент: преобразование "float" в "int", возможна потеря данных
D:\source\repos\Project2\Project2\Tetris.h(788,40): warning C4244: аргумент: преобразование "float" в "int", возможна потеря данных
D:\source\repos\Project2\Project2\Tetris.h(788,37): warning C4244: аргумент: преобразование "int" в "float", возможна потеря данных
D:\source\repos\Project2\Project2\Tetris.h(788,34): warning C4244: аргумент: преобразование "int" в "float", возможна потеря данных
D:\source\repos\Project2\Project2\Tetris.h(801,14): warning C4244: инициализация: преобразование "float" в "int", возможна потеря данных
D:\source\repos\Project2\Project2\Tetris.h(804,48): warning C4244: аргумент: преобразование "float" в "int", возможна потеря данных
D:\source\repos\Project2\Project2\Tetris.h(804,40): warning C4244: аргумент: преобразование "float" в "int", возможна потеря данных
D:\source\repos\Project2\Project2\Tetris.h(804,37): warning C4244: аргумент: преобразование "int" в "float", возможна потеря данных
D:\source\repos\Project2\Project2\Tetris.h(804,34): warning C4244: аргумент: преобразование "int" в "float", возможна потеря данных
D:\source\repos\Project2\Project2\Tetris.h(811,49): warning C4244: аргумент: преобразование "float" в "int", возможна потеря данных
D:\source\repos\Project2\Project2\Tetris.h(811,41): warning C4244: аргумент: преобразование "float" в "int", возможна потеря данных
D:\source\repos\Project2\Project2\Tetris.h(811,38): warning C4244: аргумент: преобразование "int" в "float", возможна потеря данных
D:\source\repos\Project2\Project2\Tetris.h(811,35): warning C4244: аргумент: преобразование "int" в "float", возможна потеря данных
D:\source\repos\Project2\Project2\Tetris.h(814,24): warning C4244: аргумент: преобразование "int" в "float", возможна потеря данных
D:\source\repos\Project2\Project2\Tetris.h(823,14): warning C4244: инициализация: преобразование "float" в "int", возможна потеря данных
D:\source\repos\Project2\Project2\Tetris.h(826,48): warning C4244: аргумент: преобразование "float" в "int", возможна потеря данных
D:\source\repos\Project2\Project2\Tetris.h(826,40): warning C4244: аргумент: преобразование "float" в "int", возможна потеря данных
D:\source\repos\Project2\Project2\Tetris.h(826,37): warning C4244: аргумент: преобразование "int" в "float", возможна потеря данных
D:\source\repos\Project2\Project2\Tetris.h(826,34): warning C4244: аргумент: преобразование "int" в "float", возможна потеря данных
D:\source\repos\Project2\Project2\Tetris.h(829,42): warning C4244: аргумент: преобразование "float" в "int", возможна потеря данных
D:\source\repos\Project2\Project2\Tetris.h(829,34): warning C4244: аргумент: преобразование "float" в "int", возможна потеря данных
D:\source\repos\Project2\Project2\Tetris.h(829,31): warning C4244: аргумент: преобразование "int" в "float", возможна потеря данных
D:\source\repos\Project2\Project2\Tetris.h(829,28): warning C4244: аргумент: преобразование "int" в "float", возможна потеря данных
D:\source\repos\Project2\Project2\Tetris.cpp(30,33): warning C4244: аргумент: преобразование "int" в "float", возможна потеря данных
D:\source\repos\Project2\Project2\Tetris.cpp(30,27): warning C4244: аргумент: преобразование "int" в "float", возможна потеря данных
D:\source\repos\Project2\Project2\Tetris.cpp(81,26): warning C4305: *=: усечение из "double" в "float"
D:\source\repos\Project2\Project2\Tetris.cpp(82,26): warning C4305: *=: усечение из "double" в "float"
D:\source\repos\Project2\Project2\Tetris.cpp(83,26): warning C4305: *=: усечение из "double" в "float"
D:\source\repos\Project2\Project2\Tetris.cpp(91,26): warning C4305: /=: усечение из "double" в "float"
D:\source\repos\Project2\Project2\Tetris.cpp(92,26): warning C4305: /=: усечение из "double" в "float"
D:\source\repos\Project2\Project2\Tetris.cpp(93,26): warning C4305: /=: усечение из "double" в "float"
D:\source\repos\Project2\Project2\Tetris.cpp(138,36): warning C4316: "D3DINIT": объект, размещенный в куче, может не быть выровнен 16
D:\source\repos\Project2\Project2\Tetris.cpp(145,100): warning C4316: "LIGHT": объект, размещенный в куче, может не быть выровнен 16
D:\source\repos\Project2\Project2\Tetris.cpp(146,22): warning C4244: аргумент: преобразование "int" в "float", возможна потеря данных
D:\source\repos\Project2\Project2\Tetris.cpp(147,17): warning C4244: аргумент: преобразование "int" в "float", возможна потеря данных
  WININIT.cpp
  Создание кода...
D:\source\repos\Project2\Project2\Tetris.cpp(148,17): warning C4244: аргумент: преобразование "int" в "float", возможна потеря данных
  Project2.vcxproj -> D:\source\repos\Project2\Debug\Project2.exe
